{"D:\\Internship-NECTEC\\vibeKidbright\\src\\AiChat.tsx": {"path":"D:\\Internship-NECTEC\\vibeKidbright\\src\\AiChat.tsx","all":true,"statementMap":{"0":{"start":{"line":1,"column":0},"end":{"line":1,"column":52}},"1":{"start":{"line":2,"column":0},"end":{"line":2,"column":46}},"2":{"start":{"line":3,"column":0},"end":{"line":3,"column":47}},"3":{"start":{"line":4,"column":0},"end":{"line":4,"column":32}},"19":{"start":{"line":20,"column":0},"end":{"line":20,"column":100}},"20":{"start":{"line":21,"column":0},"end":{"line":21,"column":50}},"22":{"start":{"line":23,"column":0},"end":{"line":23,"column":31}},"23":{"start":{"line":24,"column":0},"end":{"line":24,"column":18}},"24":{"start":{"line":25,"column":0},"end":{"line":25,"column":25}},"25":{"start":{"line":26,"column":0},"end":{"line":26,"column":50}},"26":{"start":{"line":27,"column":0},"end":{"line":27,"column":6}},"28":{"start":{"line":29,"column":0},"end":{"line":29,"column":18}},"29":{"start":{"line":30,"column":0},"end":{"line":30,"column":16}},"30":{"start":{"line":31,"column":0},"end":{"line":31,"column":135}},"31":{"start":{"line":32,"column":0},"end":{"line":32,"column":95}},"32":{"start":{"line":33,"column":0},"end":{"line":33,"column":108}},"33":{"start":{"line":34,"column":0},"end":{"line":34,"column":22}},"35":{"start":{"line":36,"column":0},"end":{"line":36,"column":18}},"37":{"start":{"line":38,"column":0},"end":{"line":38,"column":5}},"39":{"start":{"line":40,"column":0},"end":{"line":40,"column":12}},"40":{"start":{"line":41,"column":0},"end":{"line":41,"column":15}},"41":{"start":{"line":42,"column":0},"end":{"line":42,"column":33}},"42":{"start":{"line":43,"column":0},"end":{"line":43,"column":129}},"43":{"start":{"line":44,"column":0},"end":{"line":44,"column":56}},"45":{"start":{"line":46,"column":0},"end":{"line":46,"column":61}},"46":{"start":{"line":47,"column":0},"end":{"line":47,"column":17}},"48":{"start":{"line":49,"column":0},"end":{"line":49,"column":1}},"51":{"start":{"line":52,"column":0},"end":{"line":52,"column":253}},"52":{"start":{"line":53,"column":0},"end":{"line":53,"column":60}},"53":{"start":{"line":54,"column":0},"end":{"line":54,"column":43}},"54":{"start":{"line":55,"column":0},"end":{"line":55,"column":54}},"55":{"start":{"line":56,"column":0},"end":{"line":56,"column":59}},"56":{"start":{"line":57,"column":0},"end":{"line":57,"column":65}},"57":{"start":{"line":58,"column":0},"end":{"line":58,"column":60}},"58":{"start":{"line":59,"column":0},"end":{"line":59,"column":58}},"59":{"start":{"line":60,"column":0},"end":{"line":60,"column":82}},"62":{"start":{"line":63,"column":0},"end":{"line":63,"column":78}},"65":{"start":{"line":66,"column":0},"end":{"line":66,"column":64}},"66":{"start":{"line":67,"column":0},"end":{"line":67,"column":82}},"68":{"start":{"line":69,"column":0},"end":{"line":69,"column":46}},"69":{"start":{"line":70,"column":0},"end":{"line":70,"column":55}},"70":{"start":{"line":71,"column":0},"end":{"line":71,"column":72}},"71":{"start":{"line":72,"column":0},"end":{"line":72,"column":82}},"72":{"start":{"line":73,"column":0},"end":{"line":73,"column":101}},"73":{"start":{"line":74,"column":0},"end":{"line":74,"column":111}},"74":{"start":{"line":75,"column":0},"end":{"line":75,"column":60}},"75":{"start":{"line":76,"column":0},"end":{"line":76,"column":65}},"76":{"start":{"line":77,"column":0},"end":{"line":77,"column":75}},"77":{"start":{"line":78,"column":0},"end":{"line":78,"column":92}},"78":{"start":{"line":79,"column":0},"end":{"line":79,"column":101}},"79":{"start":{"line":80,"column":0},"end":{"line":80,"column":57}},"80":{"start":{"line":81,"column":0},"end":{"line":81,"column":67}},"81":{"start":{"line":82,"column":0},"end":{"line":82,"column":72}},"82":{"start":{"line":83,"column":0},"end":{"line":83,"column":81}},"83":{"start":{"line":84,"column":0},"end":{"line":84,"column":71}},"84":{"start":{"line":85,"column":0},"end":{"line":85,"column":56}},"85":{"start":{"line":86,"column":0},"end":{"line":86,"column":51}},"86":{"start":{"line":87,"column":0},"end":{"line":87,"column":55}},"89":{"start":{"line":90,"column":0},"end":{"line":90,"column":21}},"90":{"start":{"line":91,"column":0},"end":{"line":91,"column":31}},"91":{"start":{"line":92,"column":0},"end":{"line":92,"column":51}},"92":{"start":{"line":93,"column":0},"end":{"line":93,"column":81}},"93":{"start":{"line":94,"column":0},"end":{"line":94,"column":9}},"94":{"start":{"line":95,"column":0},"end":{"line":95,"column":16}},"96":{"start":{"line":97,"column":0},"end":{"line":97,"column":21}},"98":{"start":{"line":99,"column":0},"end":{"line":99,"column":13}},"99":{"start":{"line":100,"column":0},"end":{"line":100,"column":69}},"100":{"start":{"line":101,"column":0},"end":{"line":101,"column":24}},"101":{"start":{"line":102,"column":0},"end":{"line":102,"column":49}},"102":{"start":{"line":103,"column":0},"end":{"line":103,"column":36}},"103":{"start":{"line":104,"column":0},"end":{"line":104,"column":40}},"104":{"start":{"line":105,"column":0},"end":{"line":105,"column":113}},"105":{"start":{"line":106,"column":0},"end":{"line":106,"column":51}},"106":{"start":{"line":107,"column":0},"end":{"line":107,"column":49}},"107":{"start":{"line":108,"column":0},"end":{"line":108,"column":17}},"108":{"start":{"line":109,"column":0},"end":{"line":109,"column":13}},"109":{"start":{"line":110,"column":0},"end":{"line":110,"column":21}},"110":{"start":{"line":111,"column":0},"end":{"line":111,"column":61}},"111":{"start":{"line":112,"column":0},"end":{"line":112,"column":65}},"112":{"start":{"line":113,"column":0},"end":{"line":113,"column":9}},"115":{"start":{"line":116,"column":0},"end":{"line":116,"column":45}},"116":{"start":{"line":117,"column":0},"end":{"line":117,"column":36}},"117":{"start":{"line":118,"column":0},"end":{"line":118,"column":25}},"118":{"start":{"line":119,"column":0},"end":{"line":119,"column":30}},"119":{"start":{"line":120,"column":0},"end":{"line":120,"column":11}},"120":{"start":{"line":121,"column":0},"end":{"line":121,"column":41}},"121":{"start":{"line":122,"column":0},"end":{"line":122,"column":36}},"122":{"start":{"line":123,"column":0},"end":{"line":123,"column":31}},"123":{"start":{"line":124,"column":0},"end":{"line":124,"column":11}},"124":{"start":{"line":125,"column":0},"end":{"line":125,"column":46}},"125":{"start":{"line":126,"column":0},"end":{"line":126,"column":36}},"126":{"start":{"line":127,"column":0},"end":{"line":127,"column":26}},"127":{"start":{"line":128,"column":0},"end":{"line":128,"column":31}},"128":{"start":{"line":129,"column":0},"end":{"line":129,"column":11}},"129":{"start":{"line":130,"column":0},"end":{"line":130,"column":44}},"130":{"start":{"line":131,"column":0},"end":{"line":131,"column":73}},"131":{"start":{"line":132,"column":0},"end":{"line":132,"column":28}},"132":{"start":{"line":133,"column":0},"end":{"line":133,"column":33}},"133":{"start":{"line":134,"column":0},"end":{"line":134,"column":11}},"134":{"start":{"line":135,"column":0},"end":{"line":135,"column":56}},"135":{"start":{"line":136,"column":0},"end":{"line":136,"column":36}},"136":{"start":{"line":137,"column":0},"end":{"line":137,"column":35}},"137":{"start":{"line":138,"column":0},"end":{"line":138,"column":40}},"138":{"start":{"line":139,"column":0},"end":{"line":139,"column":11}},"139":{"start":{"line":140,"column":0},"end":{"line":140,"column":52}},"140":{"start":{"line":141,"column":0},"end":{"line":141,"column":36}},"141":{"start":{"line":142,"column":0},"end":{"line":142,"column":36}},"142":{"start":{"line":143,"column":0},"end":{"line":143,"column":41}},"143":{"start":{"line":144,"column":0},"end":{"line":144,"column":11}},"144":{"start":{"line":145,"column":0},"end":{"line":145,"column":52}},"145":{"start":{"line":146,"column":0},"end":{"line":146,"column":36}},"146":{"start":{"line":147,"column":0},"end":{"line":147,"column":31}},"147":{"start":{"line":148,"column":0},"end":{"line":148,"column":36}},"148":{"start":{"line":149,"column":0},"end":{"line":149,"column":11}},"149":{"start":{"line":150,"column":0},"end":{"line":150,"column":48}},"150":{"start":{"line":151,"column":0},"end":{"line":151,"column":36}},"151":{"start":{"line":152,"column":0},"end":{"line":152,"column":32}},"152":{"start":{"line":153,"column":0},"end":{"line":153,"column":37}},"153":{"start":{"line":154,"column":0},"end":{"line":154,"column":11}},"155":{"start":{"line":156,"column":0},"end":{"line":156,"column":74}},"156":{"start":{"line":157,"column":0},"end":{"line":157,"column":57}},"157":{"start":{"line":158,"column":0},"end":{"line":158,"column":11}},"159":{"start":{"line":160,"column":0},"end":{"line":160,"column":66}},"160":{"start":{"line":161,"column":0},"end":{"line":161,"column":73}},"161":{"start":{"line":162,"column":0},"end":{"line":162,"column":11}},"163":{"start":{"line":164,"column":0},"end":{"line":164,"column":75}},"164":{"start":{"line":165,"column":0},"end":{"line":165,"column":61}},"165":{"start":{"line":166,"column":0},"end":{"line":166,"column":59}},"166":{"start":{"line":167,"column":0},"end":{"line":167,"column":11}},"168":{"start":{"line":169,"column":0},"end":{"line":169,"column":77}},"169":{"start":{"line":170,"column":0},"end":{"line":170,"column":61}},"170":{"start":{"line":171,"column":0},"end":{"line":171,"column":74}},"172":{"start":{"line":173,"column":0},"end":{"line":173,"column":35}},"173":{"start":{"line":174,"column":0},"end":{"line":174,"column":51}},"174":{"start":{"line":175,"column":0},"end":{"line":175,"column":56}},"175":{"start":{"line":176,"column":0},"end":{"line":176,"column":70}},"176":{"start":{"line":177,"column":0},"end":{"line":177,"column":37}},"177":{"start":{"line":178,"column":0},"end":{"line":178,"column":54}},"179":{"start":{"line":180,"column":0},"end":{"line":180,"column":48}},"180":{"start":{"line":181,"column":0},"end":{"line":181,"column":41}},"181":{"start":{"line":182,"column":0},"end":{"line":182,"column":53}},"182":{"start":{"line":183,"column":0},"end":{"line":183,"column":82}},"183":{"start":{"line":184,"column":0},"end":{"line":184,"column":22}},"184":{"start":{"line":185,"column":0},"end":{"line":185,"column":59}},"185":{"start":{"line":186,"column":0},"end":{"line":186,"column":17}},"186":{"start":{"line":187,"column":0},"end":{"line":187,"column":28}},"187":{"start":{"line":188,"column":0},"end":{"line":188,"column":15}},"188":{"start":{"line":189,"column":0},"end":{"line":189,"column":11}},"190":{"start":{"line":191,"column":0},"end":{"line":191,"column":64}},"191":{"start":{"line":192,"column":0},"end":{"line":192,"column":112}},"194":{"start":{"line":195,"column":0},"end":{"line":195,"column":62}},"195":{"start":{"line":196,"column":0},"end":{"line":196,"column":53}},"196":{"start":{"line":197,"column":0},"end":{"line":197,"column":13}},"197":{"start":{"line":198,"column":0},"end":{"line":198,"column":40}},"198":{"start":{"line":199,"column":0},"end":{"line":199,"column":39}},"199":{"start":{"line":200,"column":0},"end":{"line":200,"column":55}},"200":{"start":{"line":201,"column":0},"end":{"line":201,"column":60}},"201":{"start":{"line":202,"column":0},"end":{"line":202,"column":32}},"202":{"start":{"line":203,"column":0},"end":{"line":203,"column":49}},"203":{"start":{"line":204,"column":0},"end":{"line":204,"column":55}},"204":{"start":{"line":205,"column":0},"end":{"line":205,"column":26}},"205":{"start":{"line":206,"column":0},"end":{"line":206,"column":21}},"206":{"start":{"line":207,"column":0},"end":{"line":207,"column":100}},"207":{"start":{"line":208,"column":0},"end":{"line":208,"column":19}},"208":{"start":{"line":209,"column":0},"end":{"line":209,"column":26}},"209":{"start":{"line":210,"column":0},"end":{"line":210,"column":15}},"210":{"start":{"line":211,"column":0},"end":{"line":211,"column":32}},"211":{"start":{"line":212,"column":0},"end":{"line":212,"column":31}},"212":{"start":{"line":213,"column":0},"end":{"line":213,"column":11}},"214":{"start":{"line":215,"column":0},"end":{"line":215,"column":66}},"215":{"start":{"line":216,"column":0},"end":{"line":216,"column":32}},"216":{"start":{"line":217,"column":0},"end":{"line":217,"column":33}},"217":{"start":{"line":218,"column":0},"end":{"line":218,"column":31}},"218":{"start":{"line":219,"column":0},"end":{"line":219,"column":35}},"219":{"start":{"line":220,"column":0},"end":{"line":220,"column":24}},"220":{"start":{"line":221,"column":0},"end":{"line":221,"column":17}},"221":{"start":{"line":222,"column":0},"end":{"line":222,"column":44}},"222":{"start":{"line":223,"column":0},"end":{"line":223,"column":38}},"223":{"start":{"line":224,"column":0},"end":{"line":224,"column":67}},"224":{"start":{"line":225,"column":0},"end":{"line":225,"column":18}},"225":{"start":{"line":226,"column":0},"end":{"line":226,"column":15}},"226":{"start":{"line":227,"column":0},"end":{"line":227,"column":11}},"228":{"start":{"line":229,"column":0},"end":{"line":229,"column":22}},"229":{"start":{"line":230,"column":0},"end":{"line":230,"column":49}},"230":{"start":{"line":231,"column":0},"end":{"line":231,"column":43}},"231":{"start":{"line":232,"column":0},"end":{"line":232,"column":47}},"232":{"start":{"line":233,"column":0},"end":{"line":233,"column":48}},"233":{"start":{"line":234,"column":0},"end":{"line":234,"column":42}},"234":{"start":{"line":235,"column":0},"end":{"line":235,"column":43}},"235":{"start":{"line":236,"column":0},"end":{"line":236,"column":10}},"236":{"start":{"line":237,"column":0},"end":{"line":237,"column":11}},"238":{"start":{"line":239,"column":0},"end":{"line":239,"column":21}},"239":{"start":{"line":240,"column":0},"end":{"line":240,"column":76}},"240":{"start":{"line":241,"column":0},"end":{"line":241,"column":49}},"241":{"start":{"line":242,"column":0},"end":{"line":242,"column":11}},"242":{"start":{"line":243,"column":0},"end":{"line":243,"column":47}},"244":{"start":{"line":245,"column":0},"end":{"line":245,"column":21}},"245":{"start":{"line":246,"column":0},"end":{"line":246,"column":32}},"246":{"start":{"line":247,"column":0},"end":{"line":247,"column":73}},"247":{"start":{"line":248,"column":0},"end":{"line":248,"column":9}},"248":{"start":{"line":249,"column":0},"end":{"line":249,"column":47}},"250":{"start":{"line":251,"column":0},"end":{"line":251,"column":21}},"251":{"start":{"line":252,"column":0},"end":{"line":252,"column":63}},"253":{"start":{"line":254,"column":0},"end":{"line":254,"column":35}},"254":{"start":{"line":255,"column":0},"end":{"line":255,"column":19}},"255":{"start":{"line":256,"column":0},"end":{"line":256,"column":38}},"256":{"start":{"line":257,"column":0},"end":{"line":257,"column":37}},"257":{"start":{"line":258,"column":0},"end":{"line":258,"column":9}},"259":{"start":{"line":260,"column":0},"end":{"line":260,"column":29}},"260":{"start":{"line":261,"column":0},"end":{"line":261,"column":58}},"261":{"start":{"line":262,"column":0},"end":{"line":262,"column":127}},"263":{"start":{"line":264,"column":0},"end":{"line":264,"column":59}},"264":{"start":{"line":265,"column":0},"end":{"line":265,"column":104}},"266":{"start":{"line":267,"column":0},"end":{"line":267,"column":32}},"267":{"start":{"line":268,"column":0},"end":{"line":268,"column":24}},"268":{"start":{"line":269,"column":0},"end":{"line":269,"column":22}},"269":{"start":{"line":270,"column":0},"end":{"line":270,"column":25}},"270":{"start":{"line":271,"column":0},"end":{"line":271,"column":37}},"271":{"start":{"line":272,"column":0},"end":{"line":272,"column":14}},"273":{"start":{"line":274,"column":0},"end":{"line":274,"column":57}},"274":{"start":{"line":275,"column":0},"end":{"line":275,"column":84}},"275":{"start":{"line":276,"column":0},"end":{"line":276,"column":31}},"276":{"start":{"line":277,"column":0},"end":{"line":277,"column":11}},"277":{"start":{"line":278,"column":0},"end":{"line":278,"column":37}},"279":{"start":{"line":280,"column":0},"end":{"line":280,"column":33}},"280":{"start":{"line":281,"column":0},"end":{"line":281,"column":49}},"281":{"start":{"line":282,"column":0},"end":{"line":282,"column":24}},"282":{"start":{"line":283,"column":0},"end":{"line":283,"column":35}},"283":{"start":{"line":284,"column":0},"end":{"line":284,"column":30}},"284":{"start":{"line":285,"column":0},"end":{"line":285,"column":6}},"286":{"start":{"line":287,"column":0},"end":{"line":287,"column":41}},"287":{"start":{"line":288,"column":0},"end":{"line":288,"column":56}},"288":{"start":{"line":289,"column":0},"end":{"line":289,"column":22}},"289":{"start":{"line":290,"column":0},"end":{"line":290,"column":36}},"290":{"start":{"line":291,"column":0},"end":{"line":291,"column":42}},"293":{"start":{"line":294,"column":0},"end":{"line":294,"column":39}},"294":{"start":{"line":295,"column":0},"end":{"line":295,"column":34}},"295":{"start":{"line":296,"column":0},"end":{"line":296,"column":9}},"296":{"start":{"line":297,"column":0},"end":{"line":297,"column":6}},"298":{"start":{"line":299,"column":0},"end":{"line":299,"column":29}},"299":{"start":{"line":300,"column":0},"end":{"line":300,"column":31}},"300":{"start":{"line":301,"column":0},"end":{"line":301,"column":33}},"301":{"start":{"line":302,"column":0},"end":{"line":302,"column":76}},"302":{"start":{"line":303,"column":0},"end":{"line":303,"column":84}},"303":{"start":{"line":304,"column":0},"end":{"line":304,"column":31}},"304":{"start":{"line":305,"column":0},"end":{"line":305,"column":15}},"305":{"start":{"line":306,"column":0},"end":{"line":306,"column":9}},"306":{"start":{"line":307,"column":0},"end":{"line":307,"column":49}},"307":{"start":{"line":308,"column":0},"end":{"line":308,"column":24}},"308":{"start":{"line":309,"column":0},"end":{"line":309,"column":35}},"309":{"start":{"line":310,"column":0},"end":{"line":310,"column":6}},"311":{"start":{"line":312,"column":0},"end":{"line":312,"column":34}},"312":{"start":{"line":313,"column":0},"end":{"line":313,"column":66}},"313":{"start":{"line":314,"column":0},"end":{"line":314,"column":6}},"315":{"start":{"line":316,"column":0},"end":{"line":316,"column":57}},"317":{"start":{"line":318,"column":0},"end":{"line":318,"column":56}},"318":{"start":{"line":319,"column":0},"end":{"line":319,"column":43}},"319":{"start":{"line":320,"column":0},"end":{"line":320,"column":13}},"320":{"start":{"line":321,"column":0},"end":{"line":321,"column":28}},"321":{"start":{"line":322,"column":0},"end":{"line":322,"column":63}},"322":{"start":{"line":323,"column":0},"end":{"line":323,"column":13}},"323":{"start":{"line":324,"column":0},"end":{"line":324,"column":21}},"326":{"start":{"line":327,"column":0},"end":{"line":327,"column":70}},"327":{"start":{"line":328,"column":0},"end":{"line":328,"column":9}},"329":{"start":{"line":330,"column":0},"end":{"line":330,"column":57}},"330":{"start":{"line":331,"column":0},"end":{"line":331,"column":6}},"333":{"start":{"line":334,"column":0},"end":{"line":334,"column":70}},"334":{"start":{"line":335,"column":0},"end":{"line":335,"column":56}},"335":{"start":{"line":336,"column":0},"end":{"line":336,"column":77}},"336":{"start":{"line":337,"column":0},"end":{"line":337,"column":85}},"337":{"start":{"line":338,"column":0},"end":{"line":338,"column":6}},"339":{"start":{"line":340,"column":0},"end":{"line":340,"column":46}},"340":{"start":{"line":341,"column":0},"end":{"line":341,"column":26}},"342":{"start":{"line":343,"column":0},"end":{"line":343,"column":26}},"343":{"start":{"line":344,"column":0},"end":{"line":344,"column":38}},"344":{"start":{"line":345,"column":0},"end":{"line":345,"column":15}},"345":{"start":{"line":346,"column":0},"end":{"line":346,"column":6}},"347":{"start":{"line":348,"column":0},"end":{"line":348,"column":59}},"348":{"start":{"line":349,"column":0},"end":{"line":349,"column":57}},"349":{"start":{"line":350,"column":0},"end":{"line":350,"column":45}},"352":{"start":{"line":353,"column":0},"end":{"line":353,"column":26}},"353":{"start":{"line":354,"column":0},"end":{"line":354,"column":37}},"354":{"start":{"line":355,"column":0},"end":{"line":355,"column":35}},"355":{"start":{"line":356,"column":0},"end":{"line":356,"column":39}},"356":{"start":{"line":357,"column":0},"end":{"line":357,"column":35}},"357":{"start":{"line":358,"column":0},"end":{"line":358,"column":33}},"358":{"start":{"line":359,"column":0},"end":{"line":359,"column":53}},"359":{"start":{"line":360,"column":0},"end":{"line":360,"column":53}},"360":{"start":{"line":361,"column":0},"end":{"line":361,"column":59}},"361":{"start":{"line":362,"column":0},"end":{"line":362,"column":52}},"362":{"start":{"line":363,"column":0},"end":{"line":363,"column":45}},"364":{"start":{"line":365,"column":0},"end":{"line":365,"column":25}},"365":{"start":{"line":366,"column":0},"end":{"line":366,"column":34}},"366":{"start":{"line":367,"column":0},"end":{"line":367,"column":19}},"367":{"start":{"line":368,"column":0},"end":{"line":368,"column":9}},"369":{"start":{"line":370,"column":0},"end":{"line":370,"column":46}},"370":{"start":{"line":371,"column":0},"end":{"line":371,"column":100}},"371":{"start":{"line":372,"column":0},"end":{"line":372,"column":55}},"372":{"start":{"line":373,"column":0},"end":{"line":373,"column":33}},"373":{"start":{"line":374,"column":0},"end":{"line":374,"column":21}},"374":{"start":{"line":375,"column":0},"end":{"line":375,"column":27}},"375":{"start":{"line":376,"column":0},"end":{"line":376,"column":29}},"378":{"start":{"line":379,"column":0},"end":{"line":379,"column":92}},"384":{"start":{"line":385,"column":0},"end":{"line":385,"column":37}},"385":{"start":{"line":386,"column":0},"end":{"line":386,"column":33}},"386":{"start":{"line":387,"column":0},"end":{"line":387,"column":409}},"387":{"start":{"line":388,"column":0},"end":{"line":388,"column":16}},"388":{"start":{"line":389,"column":0},"end":{"line":389,"column":95}},"389":{"start":{"line":390,"column":0},"end":{"line":390,"column":104}},"390":{"start":{"line":391,"column":0},"end":{"line":391,"column":274}},"391":{"start":{"line":392,"column":0},"end":{"line":392,"column":9}},"392":{"start":{"line":393,"column":0},"end":{"line":393,"column":69}},"393":{"start":{"line":394,"column":0},"end":{"line":394,"column":68}},"395":{"start":{"line":396,"column":0},"end":{"line":396,"column":13}},"396":{"start":{"line":397,"column":0},"end":{"line":397,"column":45}},"397":{"start":{"line":398,"column":0},"end":{"line":398,"column":38}},"398":{"start":{"line":399,"column":0},"end":{"line":399,"column":27}},"399":{"start":{"line":400,"column":0},"end":{"line":400,"column":25}},"400":{"start":{"line":401,"column":0},"end":{"line":401,"column":15}},"401":{"start":{"line":402,"column":0},"end":{"line":402,"column":23}},"402":{"start":{"line":403,"column":0},"end":{"line":403,"column":32}},"403":{"start":{"line":404,"column":0},"end":{"line":404,"column":35}},"404":{"start":{"line":405,"column":0},"end":{"line":405,"column":59}},"405":{"start":{"line":406,"column":0},"end":{"line":406,"column":17}},"406":{"start":{"line":407,"column":0},"end":{"line":407,"column":44}},"407":{"start":{"line":408,"column":0},"end":{"line":408,"column":47}},"408":{"start":{"line":409,"column":0},"end":{"line":409,"column":47}},"409":{"start":{"line":410,"column":0},"end":{"line":410,"column":18}},"410":{"start":{"line":411,"column":0},"end":{"line":411,"column":15}},"411":{"start":{"line":412,"column":0},"end":{"line":412,"column":9}},"412":{"start":{"line":413,"column":0},"end":{"line":413,"column":6}},"415":{"start":{"line":416,"column":0},"end":{"line":416,"column":21}},"416":{"start":{"line":417,"column":0},"end":{"line":417,"column":32}},"417":{"start":{"line":418,"column":0},"end":{"line":418,"column":70}},"418":{"start":{"line":419,"column":0},"end":{"line":419,"column":52}},"419":{"start":{"line":420,"column":0},"end":{"line":420,"column":7}},"421":{"start":{"line":422,"column":0},"end":{"line":422,"column":38}},"422":{"start":{"line":423,"column":0},"end":{"line":423,"column":13}},"423":{"start":{"line":424,"column":0},"end":{"line":424,"column":62}},"424":{"start":{"line":425,"column":0},"end":{"line":425,"column":61}},"425":{"start":{"line":426,"column":0},"end":{"line":426,"column":64}},"426":{"start":{"line":427,"column":0},"end":{"line":427,"column":70}},"427":{"start":{"line":428,"column":0},"end":{"line":428,"column":83}},"428":{"start":{"line":429,"column":0},"end":{"line":429,"column":82}},"429":{"start":{"line":430,"column":0},"end":{"line":430,"column":75}},"430":{"start":{"line":431,"column":0},"end":{"line":431,"column":74}},"432":{"start":{"line":433,"column":0},"end":{"line":433,"column":35}},"433":{"start":{"line":434,"column":0},"end":{"line":434,"column":37}},"434":{"start":{"line":435,"column":0},"end":{"line":435,"column":39}},"435":{"start":{"line":436,"column":0},"end":{"line":436,"column":55}},"436":{"start":{"line":437,"column":0},"end":{"line":437,"column":53}},"437":{"start":{"line":438,"column":0},"end":{"line":438,"column":47}},"438":{"start":{"line":439,"column":0},"end":{"line":439,"column":45}},"440":{"start":{"line":441,"column":0},"end":{"line":441,"column":35}},"441":{"start":{"line":442,"column":0},"end":{"line":442,"column":23}},"442":{"start":{"line":443,"column":0},"end":{"line":443,"column":62}},"443":{"start":{"line":444,"column":0},"end":{"line":444,"column":65}},"444":{"start":{"line":445,"column":0},"end":{"line":445,"column":9}},"445":{"start":{"line":446,"column":0},"end":{"line":446,"column":6}},"447":{"start":{"line":448,"column":0},"end":{"line":448,"column":97}},"448":{"start":{"line":449,"column":0},"end":{"line":449,"column":38}},"449":{"start":{"line":450,"column":0},"end":{"line":450,"column":39}},"450":{"start":{"line":451,"column":0},"end":{"line":451,"column":57}},"451":{"start":{"line":452,"column":0},"end":{"line":452,"column":37}},"452":{"start":{"line":453,"column":0},"end":{"line":453,"column":45}},"453":{"start":{"line":454,"column":0},"end":{"line":454,"column":56}},"454":{"start":{"line":455,"column":0},"end":{"line":455,"column":55}},"455":{"start":{"line":456,"column":0},"end":{"line":456,"column":50}},"456":{"start":{"line":457,"column":0},"end":{"line":457,"column":60}},"457":{"start":{"line":458,"column":0},"end":{"line":458,"column":9}},"459":{"start":{"line":460,"column":0},"end":{"line":460,"column":6}},"461":{"start":{"line":462,"column":0},"end":{"line":462,"column":55}},"462":{"start":{"line":463,"column":0},"end":{"line":463,"column":47}},"463":{"start":{"line":464,"column":0},"end":{"line":464,"column":31}},"464":{"start":{"line":465,"column":0},"end":{"line":465,"column":26}},"465":{"start":{"line":466,"column":0},"end":{"line":466,"column":9}},"466":{"start":{"line":467,"column":0},"end":{"line":467,"column":6}},"468":{"start":{"line":469,"column":0},"end":{"line":469,"column":46}},"470":{"start":{"line":471,"column":0},"end":{"line":471,"column":39}},"471":{"start":{"line":472,"column":0},"end":{"line":472,"column":47}},"472":{"start":{"line":473,"column":0},"end":{"line":473,"column":32}},"473":{"start":{"line":474,"column":0},"end":{"line":474,"column":30}},"474":{"start":{"line":475,"column":0},"end":{"line":475,"column":39}},"475":{"start":{"line":476,"column":0},"end":{"line":476,"column":20}},"476":{"start":{"line":477,"column":0},"end":{"line":477,"column":70}},"478":{"start":{"line":479,"column":0},"end":{"line":479,"column":35}},"479":{"start":{"line":480,"column":0},"end":{"line":480,"column":41}},"480":{"start":{"line":481,"column":0},"end":{"line":481,"column":34}},"481":{"start":{"line":482,"column":0},"end":{"line":482,"column":57}},"482":{"start":{"line":483,"column":0},"end":{"line":483,"column":90}},"485":{"start":{"line":486,"column":0},"end":{"line":486,"column":83}},"487":{"start":{"line":488,"column":0},"end":{"line":488,"column":79}},"489":{"start":{"line":490,"column":0},"end":{"line":490,"column":67}},"490":{"start":{"line":491,"column":0},"end":{"line":491,"column":68}},"491":{"start":{"line":492,"column":0},"end":{"line":492,"column":31}},"493":{"start":{"line":494,"column":0},"end":{"line":494,"column":45}},"494":{"start":{"line":495,"column":0},"end":{"line":495,"column":61}},"495":{"start":{"line":496,"column":0},"end":{"line":496,"column":52}},"496":{"start":{"line":497,"column":0},"end":{"line":497,"column":61}},"497":{"start":{"line":498,"column":0},"end":{"line":498,"column":55}},"498":{"start":{"line":499,"column":0},"end":{"line":499,"column":64}},"500":{"start":{"line":501,"column":0},"end":{"line":501,"column":59}},"501":{"start":{"line":502,"column":0},"end":{"line":502,"column":21}},"503":{"start":{"line":504,"column":0},"end":{"line":504,"column":57}},"504":{"start":{"line":505,"column":0},"end":{"line":505,"column":64}},"506":{"start":{"line":507,"column":0},"end":{"line":507,"column":34}},"507":{"start":{"line":508,"column":0},"end":{"line":508,"column":157}},"508":{"start":{"line":509,"column":0},"end":{"line":509,"column":235}},"509":{"start":{"line":510,"column":0},"end":{"line":510,"column":283}},"510":{"start":{"line":511,"column":0},"end":{"line":511,"column":44}},"511":{"start":{"line":512,"column":0},"end":{"line":512,"column":110}},"512":{"start":{"line":513,"column":0},"end":{"line":513,"column":52}},"513":{"start":{"line":514,"column":0},"end":{"line":514,"column":81}},"514":{"start":{"line":515,"column":0},"end":{"line":515,"column":108}},"515":{"start":{"line":516,"column":0},"end":{"line":516,"column":48}},"516":{"start":{"line":517,"column":0},"end":{"line":517,"column":88}},"517":{"start":{"line":518,"column":0},"end":{"line":518,"column":41}},"518":{"start":{"line":519,"column":0},"end":{"line":519,"column":38}},"519":{"start":{"line":520,"column":0},"end":{"line":520,"column":34}},"520":{"start":{"line":521,"column":0},"end":{"line":521,"column":34}},"521":{"start":{"line":522,"column":0},"end":{"line":522,"column":123}},"522":{"start":{"line":523,"column":0},"end":{"line":523,"column":76}},"523":{"start":{"line":524,"column":0},"end":{"line":524,"column":34}},"524":{"start":{"line":525,"column":0},"end":{"line":525,"column":30}},"525":{"start":{"line":526,"column":0},"end":{"line":526,"column":22}},"527":{"start":{"line":528,"column":0},"end":{"line":528,"column":40}},"528":{"start":{"line":529,"column":0},"end":{"line":529,"column":37}},"529":{"start":{"line":530,"column":0},"end":{"line":530,"column":38}},"530":{"start":{"line":531,"column":0},"end":{"line":531,"column":24}},"531":{"start":{"line":532,"column":0},"end":{"line":532,"column":39}},"532":{"start":{"line":533,"column":0},"end":{"line":533,"column":56}},"533":{"start":{"line":534,"column":0},"end":{"line":534,"column":17}},"534":{"start":{"line":535,"column":0},"end":{"line":535,"column":32}},"535":{"start":{"line":536,"column":0},"end":{"line":536,"column":37}},"536":{"start":{"line":537,"column":0},"end":{"line":537,"column":39}},"537":{"start":{"line":538,"column":0},"end":{"line":538,"column":49}},"538":{"start":{"line":539,"column":0},"end":{"line":539,"column":32}},"539":{"start":{"line":540,"column":0},"end":{"line":540,"column":30}},"540":{"start":{"line":541,"column":0},"end":{"line":541,"column":111}},"541":{"start":{"line":542,"column":0},"end":{"line":542,"column":39}},"542":{"start":{"line":543,"column":0},"end":{"line":543,"column":25}},"543":{"start":{"line":544,"column":0},"end":{"line":544,"column":18}},"544":{"start":{"line":545,"column":0},"end":{"line":545,"column":48}},"545":{"start":{"line":546,"column":0},"end":{"line":546,"column":32}},"546":{"start":{"line":547,"column":0},"end":{"line":547,"column":30}},"547":{"start":{"line":548,"column":0},"end":{"line":548,"column":113}},"548":{"start":{"line":549,"column":0},"end":{"line":549,"column":39}},"549":{"start":{"line":550,"column":0},"end":{"line":550,"column":25}},"550":{"start":{"line":551,"column":0},"end":{"line":551,"column":18}},"551":{"start":{"line":552,"column":0},"end":{"line":552,"column":47}},"552":{"start":{"line":553,"column":0},"end":{"line":553,"column":32}},"553":{"start":{"line":554,"column":0},"end":{"line":554,"column":30}},"554":{"start":{"line":555,"column":0},"end":{"line":555,"column":111}},"555":{"start":{"line":556,"column":0},"end":{"line":556,"column":39}},"556":{"start":{"line":557,"column":0},"end":{"line":557,"column":25}},"557":{"start":{"line":558,"column":0},"end":{"line":558,"column":18}},"558":{"start":{"line":559,"column":0},"end":{"line":559,"column":72}},"559":{"start":{"line":560,"column":0},"end":{"line":560,"column":32}},"560":{"start":{"line":561,"column":0},"end":{"line":561,"column":30}},"561":{"start":{"line":562,"column":0},"end":{"line":562,"column":65}},"562":{"start":{"line":563,"column":0},"end":{"line":563,"column":73}},"563":{"start":{"line":564,"column":0},"end":{"line":564,"column":70}},"564":{"start":{"line":565,"column":0},"end":{"line":565,"column":26}},"565":{"start":{"line":566,"column":0},"end":{"line":566,"column":18}},"566":{"start":{"line":567,"column":0},"end":{"line":567,"column":47}},"567":{"start":{"line":568,"column":0},"end":{"line":568,"column":32}},"568":{"start":{"line":569,"column":0},"end":{"line":569,"column":57}},"569":{"start":{"line":570,"column":0},"end":{"line":570,"column":30}},"570":{"start":{"line":571,"column":0},"end":{"line":571,"column":65}},"571":{"start":{"line":572,"column":0},"end":{"line":572,"column":100}},"572":{"start":{"line":573,"column":0},"end":{"line":573,"column":84}},"573":{"start":{"line":574,"column":0},"end":{"line":574,"column":26}},"574":{"start":{"line":575,"column":0},"end":{"line":575,"column":18}},"575":{"start":{"line":576,"column":0},"end":{"line":576,"column":44}},"576":{"start":{"line":577,"column":0},"end":{"line":577,"column":30}},"577":{"start":{"line":578,"column":0},"end":{"line":578,"column":67}},"578":{"start":{"line":579,"column":0},"end":{"line":579,"column":57}},"580":{"start":{"line":581,"column":0},"end":{"line":581,"column":32}},"581":{"start":{"line":582,"column":0},"end":{"line":582,"column":30}},"582":{"start":{"line":583,"column":0},"end":{"line":583,"column":116}},"583":{"start":{"line":584,"column":0},"end":{"line":584,"column":45}},"584":{"start":{"line":585,"column":0},"end":{"line":585,"column":26}},"585":{"start":{"line":586,"column":0},"end":{"line":586,"column":18}},"586":{"start":{"line":587,"column":0},"end":{"line":587,"column":20}},"587":{"start":{"line":588,"column":0},"end":{"line":588,"column":32}},"588":{"start":{"line":589,"column":0},"end":{"line":589,"column":30}},"589":{"start":{"line":590,"column":0},"end":{"line":590,"column":63}},"590":{"start":{"line":591,"column":0},"end":{"line":591,"column":18}},"591":{"start":{"line":592,"column":0},"end":{"line":592,"column":13}},"592":{"start":{"line":593,"column":0},"end":{"line":593,"column":9}},"595":{"start":{"line":596,"column":0},"end":{"line":596,"column":26}},"596":{"start":{"line":597,"column":0},"end":{"line":597,"column":26}},"597":{"start":{"line":598,"column":0},"end":{"line":598,"column":77}},"598":{"start":{"line":599,"column":0},"end":{"line":599,"column":38}},"599":{"start":{"line":600,"column":0},"end":{"line":600,"column":115}},"600":{"start":{"line":601,"column":0},"end":{"line":601,"column":42}},"601":{"start":{"line":602,"column":0},"end":{"line":602,"column":30}},"603":{"start":{"line":604,"column":0},"end":{"line":604,"column":80}},"604":{"start":{"line":605,"column":0},"end":{"line":605,"column":61}},"605":{"start":{"line":606,"column":0},"end":{"line":606,"column":26}},"606":{"start":{"line":607,"column":0},"end":{"line":607,"column":22}},"607":{"start":{"line":608,"column":0},"end":{"line":608,"column":14}},"608":{"start":{"line":609,"column":0},"end":{"line":609,"column":9}},"610":{"start":{"line":611,"column":0},"end":{"line":611,"column":24}},"611":{"start":{"line":612,"column":0},"end":{"line":612,"column":6}},"613":{"start":{"line":614,"column":0},"end":{"line":614,"column":48}},"614":{"start":{"line":615,"column":0},"end":{"line":615,"column":47}},"615":{"start":{"line":616,"column":0},"end":{"line":616,"column":39}},"616":{"start":{"line":617,"column":0},"end":{"line":617,"column":61}},"617":{"start":{"line":618,"column":0},"end":{"line":618,"column":24}},"618":{"start":{"line":619,"column":0},"end":{"line":619,"column":157}},"619":{"start":{"line":620,"column":0},"end":{"line":620,"column":43}},"620":{"start":{"line":621,"column":0},"end":{"line":621,"column":27}},"622":{"start":{"line":623,"column":0},"end":{"line":623,"column":13}},"624":{"start":{"line":625,"column":0},"end":{"line":625,"column":61}},"625":{"start":{"line":626,"column":0},"end":{"line":626,"column":45}},"626":{"start":{"line":627,"column":0},"end":{"line":627,"column":63}},"627":{"start":{"line":628,"column":0},"end":{"line":628,"column":80}},"628":{"start":{"line":629,"column":0},"end":{"line":629,"column":17}},"629":{"start":{"line":630,"column":0},"end":{"line":630,"column":59}},"630":{"start":{"line":631,"column":0},"end":{"line":631,"column":15}},"631":{"start":{"line":632,"column":0},"end":{"line":632,"column":11}},"632":{"start":{"line":633,"column":0},"end":{"line":633,"column":6}},"634":{"start":{"line":635,"column":0},"end":{"line":635,"column":12}},"635":{"start":{"line":636,"column":0},"end":{"line":636,"column":123}},"637":{"start":{"line":638,"column":0},"end":{"line":638,"column":195}},"638":{"start":{"line":639,"column":0},"end":{"line":639,"column":57}},"639":{"start":{"line":640,"column":0},"end":{"line":640,"column":78}},"640":{"start":{"line":641,"column":0},"end":{"line":641,"column":111}},"642":{"start":{"line":643,"column":0},"end":{"line":643,"column":27}},"643":{"start":{"line":644,"column":0},"end":{"line":644,"column":41}},"644":{"start":{"line":645,"column":0},"end":{"line":645,"column":200}},"645":{"start":{"line":646,"column":0},"end":{"line":646,"column":46}},"646":{"start":{"line":647,"column":0},"end":{"line":647,"column":31}},"648":{"start":{"line":649,"column":0},"end":{"line":649,"column":157}},"649":{"start":{"line":650,"column":0},"end":{"line":650,"column":92}},"650":{"start":{"line":651,"column":0},"end":{"line":651,"column":86}},"651":{"start":{"line":652,"column":0},"end":{"line":652,"column":72}},"652":{"start":{"line":653,"column":0},"end":{"line":653,"column":32}},"653":{"start":{"line":654,"column":0},"end":{"line":654,"column":152}},"654":{"start":{"line":655,"column":0},"end":{"line":655,"column":31}},"656":{"start":{"line":657,"column":0},"end":{"line":657,"column":22}},"657":{"start":{"line":658,"column":0},"end":{"line":658,"column":57}},"658":{"start":{"line":659,"column":0},"end":{"line":659,"column":27}},"659":{"start":{"line":660,"column":0},"end":{"line":660,"column":47}},"660":{"start":{"line":661,"column":0},"end":{"line":661,"column":93}},"661":{"start":{"line":662,"column":0},"end":{"line":662,"column":41}},"663":{"start":{"line":664,"column":0},"end":{"line":664,"column":103}},"664":{"start":{"line":665,"column":0},"end":{"line":665,"column":116}},"665":{"start":{"line":666,"column":0},"end":{"line":666,"column":30}},"666":{"start":{"line":667,"column":0},"end":{"line":667,"column":29}},"667":{"start":{"line":668,"column":0},"end":{"line":668,"column":27}},"668":{"start":{"line":669,"column":0},"end":{"line":669,"column":60}},"669":{"start":{"line":670,"column":0},"end":{"line":670,"column":89}},"670":{"start":{"line":671,"column":0},"end":{"line":671,"column":45}},"672":{"start":{"line":673,"column":0},"end":{"line":673,"column":103}},"673":{"start":{"line":674,"column":0},"end":{"line":674,"column":145}},"674":{"start":{"line":675,"column":0},"end":{"line":675,"column":30}},"675":{"start":{"line":676,"column":0},"end":{"line":676,"column":29}},"676":{"start":{"line":677,"column":0},"end":{"line":677,"column":27}},"677":{"start":{"line":678,"column":0},"end":{"line":678,"column":43}},"678":{"start":{"line":679,"column":0},"end":{"line":679,"column":90}},"679":{"start":{"line":680,"column":0},"end":{"line":680,"column":47}},"681":{"start":{"line":682,"column":0},"end":{"line":682,"column":103}},"682":{"start":{"line":683,"column":0},"end":{"line":683,"column":226}},"683":{"start":{"line":684,"column":0},"end":{"line":684,"column":30}},"684":{"start":{"line":685,"column":0},"end":{"line":685,"column":29}},"685":{"start":{"line":686,"column":0},"end":{"line":686,"column":72}},"686":{"start":{"line":687,"column":0},"end":{"line":687,"column":27}},"687":{"start":{"line":688,"column":0},"end":{"line":688,"column":61}},"688":{"start":{"line":689,"column":0},"end":{"line":689,"column":92}},"689":{"start":{"line":690,"column":0},"end":{"line":690,"column":40}},"691":{"start":{"line":692,"column":0},"end":{"line":692,"column":103}},"692":{"start":{"line":693,"column":0},"end":{"line":693,"column":585}},"693":{"start":{"line":694,"column":0},"end":{"line":694,"column":134}},"694":{"start":{"line":695,"column":0},"end":{"line":695,"column":30}},"695":{"start":{"line":696,"column":0},"end":{"line":696,"column":29}},"696":{"start":{"line":697,"column":0},"end":{"line":697,"column":22}},"697":{"start":{"line":698,"column":0},"end":{"line":698,"column":18}},"700":{"start":{"line":701,"column":0},"end":{"line":701,"column":29}},"701":{"start":{"line":702,"column":0},"end":{"line":702,"column":229}},"702":{"start":{"line":703,"column":0},"end":{"line":703,"column":220}},"703":{"start":{"line":704,"column":0},"end":{"line":704,"column":80}},"704":{"start":{"line":705,"column":0},"end":{"line":705,"column":133}},"705":{"start":{"line":706,"column":0},"end":{"line":706,"column":126}},"706":{"start":{"line":707,"column":0},"end":{"line":707,"column":211}},"707":{"start":{"line":708,"column":0},"end":{"line":708,"column":37}},"708":{"start":{"line":709,"column":0},"end":{"line":709,"column":30}},"709":{"start":{"line":710,"column":0},"end":{"line":710,"column":51}},"710":{"start":{"line":711,"column":0},"end":{"line":711,"column":54}},"711":{"start":{"line":712,"column":0},"end":{"line":712,"column":111}},"713":{"start":{"line":714,"column":0},"end":{"line":714,"column":99}},"714":{"start":{"line":715,"column":0},"end":{"line":715,"column":43}},"715":{"start":{"line":716,"column":0},"end":{"line":716,"column":56}},"716":{"start":{"line":717,"column":0},"end":{"line":717,"column":79}},"717":{"start":{"line":718,"column":0},"end":{"line":718,"column":108}},"718":{"start":{"line":719,"column":0},"end":{"line":719,"column":78}},"719":{"start":{"line":720,"column":0},"end":{"line":720,"column":139}},"720":{"start":{"line":721,"column":0},"end":{"line":721,"column":152}},"723":{"start":{"line":724,"column":0},"end":{"line":724,"column":107}},"724":{"start":{"line":725,"column":0},"end":{"line":725,"column":85}},"725":{"start":{"line":726,"column":0},"end":{"line":726,"column":134}},"726":{"start":{"line":727,"column":0},"end":{"line":727,"column":46}},"727":{"start":{"line":728,"column":0},"end":{"line":728,"column":45}},"728":{"start":{"line":729,"column":0},"end":{"line":729,"column":34}},"730":{"start":{"line":731,"column":0},"end":{"line":731,"column":30}},"731":{"start":{"line":732,"column":0},"end":{"line":732,"column":26}},"732":{"start":{"line":733,"column":0},"end":{"line":733,"column":22}},"736":{"start":{"line":737,"column":0},"end":{"line":737,"column":30}},"737":{"start":{"line":738,"column":0},"end":{"line":738,"column":152}},"738":{"start":{"line":739,"column":0},"end":{"line":739,"column":220}},"739":{"start":{"line":740,"column":0},"end":{"line":740,"column":104}},"741":{"start":{"line":742,"column":0},"end":{"line":742,"column":29}},"744":{"start":{"line":745,"column":0},"end":{"line":745,"column":163}},"745":{"start":{"line":746,"column":0},"end":{"line":746,"column":35}},"746":{"start":{"line":747,"column":0},"end":{"line":747,"column":78}},"747":{"start":{"line":748,"column":0},"end":{"line":748,"column":127}},"748":{"start":{"line":749,"column":0},"end":{"line":749,"column":184}},"749":{"start":{"line":750,"column":0},"end":{"line":750,"column":29}},"751":{"start":{"line":752,"column":0},"end":{"line":752,"column":37}},"752":{"start":{"line":753,"column":0},"end":{"line":753,"column":35}},"753":{"start":{"line":754,"column":0},"end":{"line":754,"column":82}},"754":{"start":{"line":755,"column":0},"end":{"line":755,"column":267}},"755":{"start":{"line":756,"column":0},"end":{"line":756,"column":29}},"757":{"start":{"line":758,"column":0},"end":{"line":758,"column":37}},"758":{"start":{"line":759,"column":0},"end":{"line":759,"column":35}},"759":{"start":{"line":760,"column":0},"end":{"line":760,"column":77}},"760":{"start":{"line":761,"column":0},"end":{"line":761,"column":127}},"761":{"start":{"line":762,"column":0},"end":{"line":762,"column":153}},"762":{"start":{"line":763,"column":0},"end":{"line":763,"column":29}},"764":{"start":{"line":765,"column":0},"end":{"line":765,"column":37}},"765":{"start":{"line":766,"column":0},"end":{"line":766,"column":35}},"766":{"start":{"line":767,"column":0},"end":{"line":767,"column":78}},"767":{"start":{"line":768,"column":0},"end":{"line":768,"column":257}},"768":{"start":{"line":769,"column":0},"end":{"line":769,"column":29}},"770":{"start":{"line":771,"column":0},"end":{"line":771,"column":37}},"771":{"start":{"line":772,"column":0},"end":{"line":772,"column":30}},"773":{"start":{"line":774,"column":0},"end":{"line":774,"column":56}},"774":{"start":{"line":775,"column":0},"end":{"line":775,"column":60}},"775":{"start":{"line":776,"column":0},"end":{"line":776,"column":111}},"776":{"start":{"line":777,"column":0},"end":{"line":777,"column":41}},"777":{"start":{"line":778,"column":0},"end":{"line":778,"column":123}},"778":{"start":{"line":779,"column":0},"end":{"line":779,"column":71}},"779":{"start":{"line":780,"column":0},"end":{"line":780,"column":193}},"780":{"start":{"line":781,"column":0},"end":{"line":781,"column":48}},"781":{"start":{"line":782,"column":0},"end":{"line":782,"column":46}},"782":{"start":{"line":783,"column":0},"end":{"line":783,"column":59}},"783":{"start":{"line":784,"column":0},"end":{"line":784,"column":63}},"784":{"start":{"line":785,"column":0},"end":{"line":785,"column":92}},"785":{"start":{"line":786,"column":0},"end":{"line":786,"column":64}},"786":{"start":{"line":787,"column":0},"end":{"line":787,"column":210}},"787":{"start":{"line":788,"column":0},"end":{"line":788,"column":42}},"788":{"start":{"line":789,"column":0},"end":{"line":789,"column":42}},"789":{"start":{"line":790,"column":0},"end":{"line":790,"column":41}},"790":{"start":{"line":791,"column":0},"end":{"line":791,"column":123}},"791":{"start":{"line":792,"column":0},"end":{"line":792,"column":71}},"792":{"start":{"line":793,"column":0},"end":{"line":793,"column":177}},"793":{"start":{"line":794,"column":0},"end":{"line":794,"column":48}},"794":{"start":{"line":795,"column":0},"end":{"line":795,"column":46}},"795":{"start":{"line":796,"column":0},"end":{"line":796,"column":55}},"796":{"start":{"line":797,"column":0},"end":{"line":797,"column":64}},"797":{"start":{"line":798,"column":0},"end":{"line":798,"column":93}},"798":{"start":{"line":799,"column":0},"end":{"line":799,"column":83}},"799":{"start":{"line":800,"column":0},"end":{"line":800,"column":220}},"800":{"start":{"line":801,"column":0},"end":{"line":801,"column":42}},"801":{"start":{"line":802,"column":0},"end":{"line":802,"column":42}},"802":{"start":{"line":803,"column":0},"end":{"line":803,"column":41}},"803":{"start":{"line":804,"column":0},"end":{"line":804,"column":158}},"804":{"start":{"line":805,"column":0},"end":{"line":805,"column":68}},"805":{"start":{"line":806,"column":0},"end":{"line":806,"column":246}},"806":{"start":{"line":807,"column":0},"end":{"line":807,"column":48}},"807":{"start":{"line":808,"column":0},"end":{"line":808,"column":47}},"808":{"start":{"line":809,"column":0},"end":{"line":809,"column":62}},"809":{"start":{"line":810,"column":0},"end":{"line":810,"column":91}},"810":{"start":{"line":811,"column":0},"end":{"line":811,"column":241}},"811":{"start":{"line":812,"column":0},"end":{"line":812,"column":393}},"813":{"start":{"line":814,"column":0},"end":{"line":814,"column":89}},"814":{"start":{"line":815,"column":0},"end":{"line":815,"column":119}},"815":{"start":{"line":816,"column":0},"end":{"line":816,"column":111}},"816":{"start":{"line":817,"column":0},"end":{"line":817,"column":121}},"817":{"start":{"line":818,"column":0},"end":{"line":818,"column":55}},"818":{"start":{"line":819,"column":0},"end":{"line":819,"column":79}},"819":{"start":{"line":820,"column":0},"end":{"line":820,"column":113}},"820":{"start":{"line":821,"column":0},"end":{"line":821,"column":117}},"821":{"start":{"line":822,"column":0},"end":{"line":822,"column":109}},"822":{"start":{"line":823,"column":0},"end":{"line":823,"column":55}},"823":{"start":{"line":824,"column":0},"end":{"line":824,"column":79}},"824":{"start":{"line":825,"column":0},"end":{"line":825,"column":103}},"825":{"start":{"line":826,"column":0},"end":{"line":826,"column":96}},"826":{"start":{"line":827,"column":0},"end":{"line":827,"column":55}},"827":{"start":{"line":828,"column":0},"end":{"line":828,"column":82}},"828":{"start":{"line":829,"column":0},"end":{"line":829,"column":95}},"829":{"start":{"line":830,"column":0},"end":{"line":830,"column":107}},"830":{"start":{"line":831,"column":0},"end":{"line":831,"column":110}},"831":{"start":{"line":832,"column":0},"end":{"line":832,"column":55}},"832":{"start":{"line":833,"column":0},"end":{"line":833,"column":49}},"833":{"start":{"line":834,"column":0},"end":{"line":834,"column":46}},"834":{"start":{"line":835,"column":0},"end":{"line":835,"column":55}},"835":{"start":{"line":836,"column":0},"end":{"line":836,"column":62}},"836":{"start":{"line":837,"column":0},"end":{"line":837,"column":91}},"837":{"start":{"line":838,"column":0},"end":{"line":838,"column":93}},"838":{"start":{"line":839,"column":0},"end":{"line":839,"column":229}},"839":{"start":{"line":840,"column":0},"end":{"line":840,"column":42}},"840":{"start":{"line":841,"column":0},"end":{"line":841,"column":42}},"841":{"start":{"line":842,"column":0},"end":{"line":842,"column":38}},"846":{"start":{"line":847,"column":0},"end":{"line":847,"column":59}},"847":{"start":{"line":848,"column":0},"end":{"line":848,"column":111}},"848":{"start":{"line":849,"column":0},"end":{"line":849,"column":41}},"849":{"start":{"line":850,"column":0},"end":{"line":850,"column":95}},"851":{"start":{"line":852,"column":0},"end":{"line":852,"column":48}},"852":{"start":{"line":853,"column":0},"end":{"line":853,"column":46}},"853":{"start":{"line":854,"column":0},"end":{"line":854,"column":55}},"854":{"start":{"line":855,"column":0},"end":{"line":855,"column":64}},"855":{"start":{"line":856,"column":0},"end":{"line":856,"column":93}},"856":{"start":{"line":857,"column":0},"end":{"line":857,"column":110}},"857":{"start":{"line":858,"column":0},"end":{"line":858,"column":211}},"858":{"start":{"line":859,"column":0},"end":{"line":859,"column":42}},"859":{"start":{"line":860,"column":0},"end":{"line":860,"column":76}},"860":{"start":{"line":861,"column":0},"end":{"line":861,"column":130}},"861":{"start":{"line":862,"column":0},"end":{"line":862,"column":164}},"862":{"start":{"line":863,"column":0},"end":{"line":863,"column":46}},"863":{"start":{"line":864,"column":0},"end":{"line":864,"column":42}},"864":{"start":{"line":865,"column":0},"end":{"line":865,"column":41}},"865":{"start":{"line":866,"column":0},"end":{"line":866,"column":95}},"867":{"start":{"line":868,"column":0},"end":{"line":868,"column":48}},"868":{"start":{"line":869,"column":0},"end":{"line":869,"column":46}},"869":{"start":{"line":870,"column":0},"end":{"line":870,"column":55}},"870":{"start":{"line":871,"column":0},"end":{"line":871,"column":62}},"871":{"start":{"line":872,"column":0},"end":{"line":872,"column":91}},"872":{"start":{"line":873,"column":0},"end":{"line":873,"column":83}},"873":{"start":{"line":874,"column":0},"end":{"line":874,"column":211}},"874":{"start":{"line":875,"column":0},"end":{"line":875,"column":42}},"875":{"start":{"line":876,"column":0},"end":{"line":876,"column":142}},"876":{"start":{"line":877,"column":0},"end":{"line":877,"column":42}},"877":{"start":{"line":878,"column":0},"end":{"line":878,"column":41}},"878":{"start":{"line":879,"column":0},"end":{"line":879,"column":95}},"880":{"start":{"line":881,"column":0},"end":{"line":881,"column":48}},"881":{"start":{"line":882,"column":0},"end":{"line":882,"column":46}},"882":{"start":{"line":883,"column":0},"end":{"line":883,"column":59}},"883":{"start":{"line":884,"column":0},"end":{"line":884,"column":63}},"884":{"start":{"line":885,"column":0},"end":{"line":885,"column":92}},"885":{"start":{"line":886,"column":0},"end":{"line":886,"column":80}},"886":{"start":{"line":887,"column":0},"end":{"line":887,"column":222}},"887":{"start":{"line":888,"column":0},"end":{"line":888,"column":42}},"888":{"start":{"line":889,"column":0},"end":{"line":889,"column":42}},"889":{"start":{"line":890,"column":0},"end":{"line":890,"column":38}},"891":{"start":{"line":892,"column":0},"end":{"line":892,"column":30}},"893":{"start":{"line":894,"column":0},"end":{"line":894,"column":60}},"894":{"start":{"line":895,"column":0},"end":{"line":895,"column":107}},"895":{"start":{"line":896,"column":0},"end":{"line":896,"column":132}},"896":{"start":{"line":897,"column":0},"end":{"line":897,"column":91}},"897":{"start":{"line":898,"column":0},"end":{"line":898,"column":82}},"899":{"start":{"line":900,"column":0},"end":{"line":900,"column":40}},"900":{"start":{"line":901,"column":0},"end":{"line":901,"column":38}},"901":{"start":{"line":902,"column":0},"end":{"line":902,"column":37}},"902":{"start":{"line":903,"column":0},"end":{"line":903,"column":119}},"903":{"start":{"line":904,"column":0},"end":{"line":904,"column":71}},"904":{"start":{"line":905,"column":0},"end":{"line":905,"column":184}},"905":{"start":{"line":906,"column":0},"end":{"line":906,"column":44}},"906":{"start":{"line":907,"column":0},"end":{"line":907,"column":42}},"907":{"start":{"line":908,"column":0},"end":{"line":908,"column":55}},"908":{"start":{"line":909,"column":0},"end":{"line":909,"column":69}},"909":{"start":{"line":910,"column":0},"end":{"line":910,"column":98}},"910":{"start":{"line":911,"column":0},"end":{"line":911,"column":63}},"911":{"start":{"line":912,"column":0},"end":{"line":912,"column":206}},"912":{"start":{"line":913,"column":0},"end":{"line":913,"column":38}},"913":{"start":{"line":914,"column":0},"end":{"line":914,"column":38}},"914":{"start":{"line":915,"column":0},"end":{"line":915,"column":37}},"915":{"start":{"line":916,"column":0},"end":{"line":916,"column":156}},"916":{"start":{"line":917,"column":0},"end":{"line":917,"column":69}},"917":{"start":{"line":918,"column":0},"end":{"line":918,"column":231}},"918":{"start":{"line":919,"column":0},"end":{"line":919,"column":44}},"919":{"start":{"line":920,"column":0},"end":{"line":920,"column":43}},"920":{"start":{"line":921,"column":0},"end":{"line":921,"column":68}},"921":{"start":{"line":922,"column":0},"end":{"line":922,"column":97}},"922":{"start":{"line":923,"column":0},"end":{"line":923,"column":237}},"923":{"start":{"line":924,"column":0},"end":{"line":924,"column":389}},"925":{"start":{"line":926,"column":0},"end":{"line":926,"column":84}},"926":{"start":{"line":927,"column":0},"end":{"line":927,"column":134}},"927":{"start":{"line":928,"column":0},"end":{"line":928,"column":142}},"928":{"start":{"line":929,"column":0},"end":{"line":929,"column":137}},"929":{"start":{"line":930,"column":0},"end":{"line":930,"column":128}},"930":{"start":{"line":931,"column":0},"end":{"line":931,"column":125}},"931":{"start":{"line":932,"column":0},"end":{"line":932,"column":117}},"932":{"start":{"line":933,"column":0},"end":{"line":933,"column":132}},"933":{"start":{"line":934,"column":0},"end":{"line":934,"column":126}},"934":{"start":{"line":935,"column":0},"end":{"line":935,"column":51}},"935":{"start":{"line":936,"column":0},"end":{"line":936,"column":82}},"936":{"start":{"line":937,"column":0},"end":{"line":937,"column":126}},"937":{"start":{"line":938,"column":0},"end":{"line":938,"column":51}},"938":{"start":{"line":939,"column":0},"end":{"line":939,"column":90}},"939":{"start":{"line":940,"column":0},"end":{"line":940,"column":129}},"940":{"start":{"line":941,"column":0},"end":{"line":941,"column":127}},"941":{"start":{"line":942,"column":0},"end":{"line":942,"column":119}},"942":{"start":{"line":943,"column":0},"end":{"line":943,"column":51}},"943":{"start":{"line":944,"column":0},"end":{"line":944,"column":84}},"944":{"start":{"line":945,"column":0},"end":{"line":945,"column":124}},"945":{"start":{"line":946,"column":0},"end":{"line":946,"column":128}},"946":{"start":{"line":947,"column":0},"end":{"line":947,"column":130}},"947":{"start":{"line":948,"column":0},"end":{"line":948,"column":51}},"948":{"start":{"line":949,"column":0},"end":{"line":949,"column":78}},"949":{"start":{"line":950,"column":0},"end":{"line":950,"column":105}},"950":{"start":{"line":951,"column":0},"end":{"line":951,"column":120}},"951":{"start":{"line":952,"column":0},"end":{"line":952,"column":98}},"952":{"start":{"line":953,"column":0},"end":{"line":953,"column":108}},"953":{"start":{"line":954,"column":0},"end":{"line":954,"column":51}},"954":{"start":{"line":955,"column":0},"end":{"line":955,"column":80}},"955":{"start":{"line":956,"column":0},"end":{"line":956,"column":113}},"956":{"start":{"line":957,"column":0},"end":{"line":957,"column":125}},"957":{"start":{"line":958,"column":0},"end":{"line":958,"column":51}},"958":{"start":{"line":959,"column":0},"end":{"line":959,"column":79}},"959":{"start":{"line":960,"column":0},"end":{"line":960,"column":123}},"960":{"start":{"line":961,"column":0},"end":{"line":961,"column":121}},"961":{"start":{"line":962,"column":0},"end":{"line":962,"column":121}},"962":{"start":{"line":963,"column":0},"end":{"line":963,"column":51}},"963":{"start":{"line":964,"column":0},"end":{"line":964,"column":75}},"964":{"start":{"line":965,"column":0},"end":{"line":965,"column":116}},"965":{"start":{"line":966,"column":0},"end":{"line":966,"column":113}},"966":{"start":{"line":967,"column":0},"end":{"line":967,"column":117}},"967":{"start":{"line":968,"column":0},"end":{"line":968,"column":120}},"968":{"start":{"line":969,"column":0},"end":{"line":969,"column":51}},"969":{"start":{"line":970,"column":0},"end":{"line":970,"column":45}},"970":{"start":{"line":971,"column":0},"end":{"line":971,"column":42}},"971":{"start":{"line":972,"column":0},"end":{"line":972,"column":51}},"972":{"start":{"line":973,"column":0},"end":{"line":973,"column":68}},"973":{"start":{"line":974,"column":0},"end":{"line":974,"column":97}},"974":{"start":{"line":975,"column":0},"end":{"line":975,"column":107}},"975":{"start":{"line":976,"column":0},"end":{"line":976,"column":225}},"976":{"start":{"line":977,"column":0},"end":{"line":977,"column":38}},"977":{"start":{"line":978,"column":0},"end":{"line":978,"column":38}},"978":{"start":{"line":979,"column":0},"end":{"line":979,"column":34}},"981":{"start":{"line":982,"column":0},"end":{"line":982,"column":56}},"982":{"start":{"line":983,"column":0},"end":{"line":983,"column":107}},"983":{"start":{"line":984,"column":0},"end":{"line":984,"column":126}},"984":{"start":{"line":985,"column":0},"end":{"line":985,"column":88}},"985":{"start":{"line":986,"column":0},"end":{"line":986,"column":79}},"988":{"start":{"line":989,"column":0},"end":{"line":989,"column":40}},"989":{"start":{"line":990,"column":0},"end":{"line":990,"column":38}},"990":{"start":{"line":991,"column":0},"end":{"line":991,"column":37}},"991":{"start":{"line":992,"column":0},"end":{"line":992,"column":112}},"992":{"start":{"line":993,"column":0},"end":{"line":993,"column":70}},"993":{"start":{"line":994,"column":0},"end":{"line":994,"column":175}},"995":{"start":{"line":996,"column":0},"end":{"line":996,"column":44}},"996":{"start":{"line":997,"column":0},"end":{"line":997,"column":44}},"997":{"start":{"line":998,"column":0},"end":{"line":998,"column":42}},"998":{"start":{"line":999,"column":0},"end":{"line":999,"column":55}},"999":{"start":{"line":1000,"column":0},"end":{"line":1000,"column":65}},"1000":{"start":{"line":1001,"column":0},"end":{"line":1001,"column":94}},"1001":{"start":{"line":1002,"column":0},"end":{"line":1002,"column":63}},"1002":{"start":{"line":1003,"column":0},"end":{"line":1003,"column":203}},"1003":{"start":{"line":1004,"column":0},"end":{"line":1004,"column":38}},"1004":{"start":{"line":1005,"column":0},"end":{"line":1005,"column":38}},"1005":{"start":{"line":1006,"column":0},"end":{"line":1006,"column":37}},"1006":{"start":{"line":1007,"column":0},"end":{"line":1007,"column":156}},"1007":{"start":{"line":1008,"column":0},"end":{"line":1008,"column":65}},"1008":{"start":{"line":1009,"column":0},"end":{"line":1009,"column":251}},"1009":{"start":{"line":1010,"column":0},"end":{"line":1010,"column":44}},"1010":{"start":{"line":1011,"column":0},"end":{"line":1011,"column":43}},"1011":{"start":{"line":1012,"column":0},"end":{"line":1012,"column":64}},"1012":{"start":{"line":1013,"column":0},"end":{"line":1013,"column":93}},"1013":{"start":{"line":1014,"column":0},"end":{"line":1014,"column":234}},"1014":{"start":{"line":1015,"column":0},"end":{"line":1015,"column":389}},"1016":{"start":{"line":1017,"column":0},"end":{"line":1017,"column":88}},"1017":{"start":{"line":1018,"column":0},"end":{"line":1018,"column":126}},"1018":{"start":{"line":1019,"column":0},"end":{"line":1019,"column":121}},"1019":{"start":{"line":1020,"column":0},"end":{"line":1020,"column":130}},"1020":{"start":{"line":1021,"column":0},"end":{"line":1021,"column":51}},"1021":{"start":{"line":1022,"column":0},"end":{"line":1022,"column":88}},"1022":{"start":{"line":1023,"column":0},"end":{"line":1023,"column":111}},"1023":{"start":{"line":1024,"column":0},"end":{"line":1024,"column":51}},"1024":{"start":{"line":1025,"column":0},"end":{"line":1025,"column":88}},"1025":{"start":{"line":1026,"column":0},"end":{"line":1026,"column":122}},"1026":{"start":{"line":1027,"column":0},"end":{"line":1027,"column":118}},"1027":{"start":{"line":1028,"column":0},"end":{"line":1028,"column":51}},"1028":{"start":{"line":1029,"column":0},"end":{"line":1029,"column":45}},"1029":{"start":{"line":1030,"column":0},"end":{"line":1030,"column":42}},"1030":{"start":{"line":1031,"column":0},"end":{"line":1031,"column":51}},"1031":{"start":{"line":1032,"column":0},"end":{"line":1032,"column":64}},"1032":{"start":{"line":1033,"column":0},"end":{"line":1033,"column":93}},"1033":{"start":{"line":1034,"column":0},"end":{"line":1034,"column":96}},"1034":{"start":{"line":1035,"column":0},"end":{"line":1035,"column":222}},"1035":{"start":{"line":1036,"column":0},"end":{"line":1036,"column":38}},"1036":{"start":{"line":1037,"column":0},"end":{"line":1037,"column":38}},"1037":{"start":{"line":1038,"column":0},"end":{"line":1038,"column":34}},"1040":{"start":{"line":1041,"column":0},"end":{"line":1041,"column":79}},"1041":{"start":{"line":1042,"column":0},"end":{"line":1042,"column":123}},"1043":{"start":{"line":1044,"column":0},"end":{"line":1044,"column":36}},"1044":{"start":{"line":1045,"column":0},"end":{"line":1045,"column":104}},"1045":{"start":{"line":1046,"column":0},"end":{"line":1046,"column":78}},"1046":{"start":{"line":1047,"column":0},"end":{"line":1047,"column":109}},"1047":{"start":{"line":1048,"column":0},"end":{"line":1048,"column":114}},"1048":{"start":{"line":1049,"column":0},"end":{"line":1049,"column":38}},"1049":{"start":{"line":1050,"column":0},"end":{"line":1050,"column":76}},"1051":{"start":{"line":1052,"column":0},"end":{"line":1052,"column":36}},"1052":{"start":{"line":1053,"column":0},"end":{"line":1053,"column":34}},"1054":{"start":{"line":1055,"column":0},"end":{"line":1055,"column":50}},"1055":{"start":{"line":1056,"column":0},"end":{"line":1056,"column":161}},"1057":{"start":{"line":1058,"column":0},"end":{"line":1058,"column":77}},"1058":{"start":{"line":1059,"column":0},"end":{"line":1059,"column":47}},"1059":{"start":{"line":1060,"column":0},"end":{"line":1060,"column":60}},"1060":{"start":{"line":1061,"column":0},"end":{"line":1061,"column":68}},"1061":{"start":{"line":1062,"column":0},"end":{"line":1062,"column":96}},"1062":{"start":{"line":1063,"column":0},"end":{"line":1063,"column":115}},"1063":{"start":{"line":1064,"column":0},"end":{"line":1064,"column":96}},"1064":{"start":{"line":1065,"column":0},"end":{"line":1065,"column":89}},"1065":{"start":{"line":1066,"column":0},"end":{"line":1066,"column":46}},"1066":{"start":{"line":1067,"column":0},"end":{"line":1067,"column":65}},"1067":{"start":{"line":1068,"column":0},"end":{"line":1068,"column":165}},"1069":{"start":{"line":1070,"column":0},"end":{"line":1070,"column":165}},"1070":{"start":{"line":1071,"column":0},"end":{"line":1071,"column":229}},"1071":{"start":{"line":1072,"column":0},"end":{"line":1072,"column":50}},"1072":{"start":{"line":1073,"column":0},"end":{"line":1073,"column":85}},"1073":{"start":{"line":1074,"column":0},"end":{"line":1074,"column":49}},"1074":{"start":{"line":1075,"column":0},"end":{"line":1075,"column":47}},"1075":{"start":{"line":1076,"column":0},"end":{"line":1076,"column":332}},"1076":{"start":{"line":1077,"column":0},"end":{"line":1077,"column":120}},"1078":{"start":{"line":1079,"column":0},"end":{"line":1079,"column":127}},"1079":{"start":{"line":1080,"column":0},"end":{"line":1080,"column":136}},"1080":{"start":{"line":1081,"column":0},"end":{"line":1081,"column":50}},"1082":{"start":{"line":1083,"column":0},"end":{"line":1083,"column":49}},"1083":{"start":{"line":1084,"column":0},"end":{"line":1084,"column":47}},"1084":{"start":{"line":1085,"column":0},"end":{"line":1085,"column":219}},"1085":{"start":{"line":1086,"column":0},"end":{"line":1086,"column":123}},"1087":{"start":{"line":1088,"column":0},"end":{"line":1088,"column":127}},"1088":{"start":{"line":1089,"column":0},"end":{"line":1089,"column":195}},"1089":{"start":{"line":1090,"column":0},"end":{"line":1090,"column":50}},"1091":{"start":{"line":1092,"column":0},"end":{"line":1092,"column":49}},"1092":{"start":{"line":1093,"column":0},"end":{"line":1093,"column":42}},"1093":{"start":{"line":1094,"column":0},"end":{"line":1094,"column":40}},"1094":{"start":{"line":1095,"column":0},"end":{"line":1095,"column":59}},"1095":{"start":{"line":1096,"column":0},"end":{"line":1096,"column":148}},"1096":{"start":{"line":1097,"column":0},"end":{"line":1097,"column":72}},"1097":{"start":{"line":1098,"column":0},"end":{"line":1098,"column":128}},"1099":{"start":{"line":1100,"column":0},"end":{"line":1100,"column":72}},"1100":{"start":{"line":1101,"column":0},"end":{"line":1101,"column":94}},"1101":{"start":{"line":1102,"column":0},"end":{"line":1102,"column":102}},"1102":{"start":{"line":1103,"column":0},"end":{"line":1103,"column":56}},"1103":{"start":{"line":1104,"column":0},"end":{"line":1104,"column":288}},"1104":{"start":{"line":1105,"column":0},"end":{"line":1105,"column":70}},"1105":{"start":{"line":1106,"column":0},"end":{"line":1106,"column":159}},"1106":{"start":{"line":1107,"column":0},"end":{"line":1107,"column":254}},"1107":{"start":{"line":1108,"column":0},"end":{"line":1108,"column":66}},"1109":{"start":{"line":1110,"column":0},"end":{"line":1110,"column":160}},"1110":{"start":{"line":1111,"column":0},"end":{"line":1111,"column":238}},"1111":{"start":{"line":1112,"column":0},"end":{"line":1112,"column":66}},"1113":{"start":{"line":1114,"column":0},"end":{"line":1114,"column":183}},"1114":{"start":{"line":1115,"column":0},"end":{"line":1115,"column":63}},"1115":{"start":{"line":1116,"column":0},"end":{"line":1116,"column":77}},"1116":{"start":{"line":1117,"column":0},"end":{"line":1117,"column":84}},"1117":{"start":{"line":1118,"column":0},"end":{"line":1118,"column":132}},"1118":{"start":{"line":1119,"column":0},"end":{"line":1119,"column":131}},"1119":{"start":{"line":1120,"column":0},"end":{"line":1120,"column":112}},"1120":{"start":{"line":1121,"column":0},"end":{"line":1121,"column":190}},"1121":{"start":{"line":1122,"column":0},"end":{"line":1122,"column":62}},"1122":{"start":{"line":1123,"column":0},"end":{"line":1123,"column":213}},"1123":{"start":{"line":1124,"column":0},"end":{"line":1124,"column":135}},"1125":{"start":{"line":1126,"column":0},"end":{"line":1126,"column":74}},"1126":{"start":{"line":1127,"column":0},"end":{"line":1127,"column":519}},"1128":{"start":{"line":1129,"column":0},"end":{"line":1129,"column":448}},"1130":{"start":{"line":1131,"column":0},"end":{"line":1131,"column":65}},"1131":{"start":{"line":1132,"column":0},"end":{"line":1132,"column":58}},"1133":{"start":{"line":1134,"column":0},"end":{"line":1134,"column":46}},"1135":{"start":{"line":1136,"column":0},"end":{"line":1136,"column":42}},"1136":{"start":{"line":1137,"column":0},"end":{"line":1137,"column":167}},"1137":{"start":{"line":1138,"column":0},"end":{"line":1138,"column":38}},"1138":{"start":{"line":1139,"column":0},"end":{"line":1139,"column":34}},"1139":{"start":{"line":1140,"column":0},"end":{"line":1140,"column":30}},"1141":{"start":{"line":1142,"column":0},"end":{"line":1142,"column":52}},"1142":{"start":{"line":1143,"column":0},"end":{"line":1143,"column":35}},"1143":{"start":{"line":1144,"column":0},"end":{"line":1144,"column":70}},"1144":{"start":{"line":1145,"column":0},"end":{"line":1145,"column":92}},"1145":{"start":{"line":1146,"column":0},"end":{"line":1146,"column":151}},"1146":{"start":{"line":1147,"column":0},"end":{"line":1147,"column":29}},"1148":{"start":{"line":1149,"column":0},"end":{"line":1149,"column":37}},"1149":{"start":{"line":1150,"column":0},"end":{"line":1150,"column":35}},"1150":{"start":{"line":1151,"column":0},"end":{"line":1151,"column":54}},"1151":{"start":{"line":1152,"column":0},"end":{"line":1152,"column":115}},"1152":{"start":{"line":1153,"column":0},"end":{"line":1153,"column":76}},"1153":{"start":{"line":1154,"column":0},"end":{"line":1154,"column":29}},"1155":{"start":{"line":1156,"column":0},"end":{"line":1156,"column":37}},"1156":{"start":{"line":1157,"column":0},"end":{"line":1157,"column":30}},"1157":{"start":{"line":1158,"column":0},"end":{"line":1158,"column":26}},"1158":{"start":{"line":1159,"column":0},"end":{"line":1159,"column":22}},"1162":{"start":{"line":1163,"column":0},"end":{"line":1163,"column":16}},"1163":{"start":{"line":1164,"column":0},"end":{"line":1164,"column":31}},"1164":{"start":{"line":1165,"column":0},"end":{"line":1165,"column":110}},"1166":{"start":{"line":1167,"column":0},"end":{"line":1167,"column":57}},"1167":{"start":{"line":1168,"column":0},"end":{"line":1168,"column":109}},"1168":{"start":{"line":1169,"column":0},"end":{"line":1169,"column":181}},"1169":{"start":{"line":1170,"column":0},"end":{"line":1170,"column":62}},"1170":{"start":{"line":1171,"column":0},"end":{"line":1171,"column":30}},"1171":{"start":{"line":1172,"column":0},"end":{"line":1172,"column":76}},"1173":{"start":{"line":1174,"column":0},"end":{"line":1174,"column":28}},"1174":{"start":{"line":1175,"column":0},"end":{"line":1175,"column":69}},"1176":{"start":{"line":1177,"column":0},"end":{"line":1177,"column":28}},"1177":{"start":{"line":1178,"column":0},"end":{"line":1178,"column":26}},"1180":{"start":{"line":1181,"column":0},"end":{"line":1181,"column":43}},"1181":{"start":{"line":1182,"column":0},"end":{"line":1182,"column":24}},"1182":{"start":{"line":1183,"column":0},"end":{"line":1183,"column":31}},"1183":{"start":{"line":1184,"column":0},"end":{"line":1184,"column":119}},"1185":{"start":{"line":1186,"column":0},"end":{"line":1186,"column":28}},"1186":{"start":{"line":1187,"column":0},"end":{"line":1187,"column":157}},"1187":{"start":{"line":1188,"column":0},"end":{"line":1188,"column":54}},"1188":{"start":{"line":1189,"column":0},"end":{"line":1189,"column":85}},"1189":{"start":{"line":1190,"column":0},"end":{"line":1190,"column":143}},"1192":{"start":{"line":1193,"column":0},"end":{"line":1193,"column":57}},"1193":{"start":{"line":1194,"column":0},"end":{"line":1194,"column":34}},"1195":{"start":{"line":1196,"column":0},"end":{"line":1196,"column":68}},"1196":{"start":{"line":1197,"column":0},"end":{"line":1197,"column":44}},"1197":{"start":{"line":1198,"column":0},"end":{"line":1198,"column":51}},"1198":{"start":{"line":1199,"column":0},"end":{"line":1199,"column":190}},"1200":{"start":{"line":1201,"column":0},"end":{"line":1201,"column":87}},"1201":{"start":{"line":1202,"column":0},"end":{"line":1202,"column":88}},"1202":{"start":{"line":1203,"column":0},"end":{"line":1203,"column":87}},"1203":{"start":{"line":1204,"column":0},"end":{"line":1204,"column":46}},"1204":{"start":{"line":1205,"column":0},"end":{"line":1205,"column":39}},"1205":{"start":{"line":1206,"column":0},"end":{"line":1206,"column":97}},"1206":{"start":{"line":1207,"column":0},"end":{"line":1207,"column":35}},"1208":{"start":{"line":1209,"column":0},"end":{"line":1209,"column":88}},"1210":{"start":{"line":1211,"column":0},"end":{"line":1211,"column":30}},"1213":{"start":{"line":1214,"column":0},"end":{"line":1214,"column":63}},"1214":{"start":{"line":1215,"column":0},"end":{"line":1215,"column":151}},"1215":{"start":{"line":1216,"column":0},"end":{"line":1216,"column":39}},"1216":{"start":{"line":1217,"column":0},"end":{"line":1217,"column":76}},"1217":{"start":{"line":1218,"column":0},"end":{"line":1218,"column":188}},"1218":{"start":{"line":1219,"column":0},"end":{"line":1219,"column":64}},"1220":{"start":{"line":1221,"column":0},"end":{"line":1221,"column":302}},"1221":{"start":{"line":1222,"column":0},"end":{"line":1222,"column":54}},"1222":{"start":{"line":1223,"column":0},"end":{"line":1223,"column":41}},"1224":{"start":{"line":1225,"column":0},"end":{"line":1225,"column":62}},"1225":{"start":{"line":1226,"column":0},"end":{"line":1226,"column":43}},"1226":{"start":{"line":1227,"column":0},"end":{"line":1227,"column":70}},"1227":{"start":{"line":1228,"column":0},"end":{"line":1228,"column":186}},"1228":{"start":{"line":1229,"column":0},"end":{"line":1229,"column":85}},"1230":{"start":{"line":1231,"column":0},"end":{"line":1231,"column":239}},"1231":{"start":{"line":1232,"column":0},"end":{"line":1232,"column":57}},"1232":{"start":{"line":1233,"column":0},"end":{"line":1233,"column":45}},"1234":{"start":{"line":1235,"column":0},"end":{"line":1235,"column":34}},"1236":{"start":{"line":1237,"column":0},"end":{"line":1237,"column":26}},"1237":{"start":{"line":1238,"column":0},"end":{"line":1238,"column":19}},"1240":{"start":{"line":1241,"column":0},"end":{"line":1241,"column":48}},"1241":{"start":{"line":1242,"column":0},"end":{"line":1242,"column":56}},"1242":{"start":{"line":1243,"column":0},"end":{"line":1243,"column":230}},"1243":{"start":{"line":1244,"column":0},"end":{"line":1244,"column":91}},"1244":{"start":{"line":1245,"column":0},"end":{"line":1245,"column":150}},"1245":{"start":{"line":1246,"column":0},"end":{"line":1246,"column":30}},"1246":{"start":{"line":1247,"column":0},"end":{"line":1247,"column":26}},"1250":{"start":{"line":1251,"column":0},"end":{"line":1251,"column":44}},"1251":{"start":{"line":1252,"column":0},"end":{"line":1252,"column":56}},"1252":{"start":{"line":1253,"column":0},"end":{"line":1253,"column":210}},"1253":{"start":{"line":1254,"column":0},"end":{"line":1254,"column":133}},"1254":{"start":{"line":1255,"column":0},"end":{"line":1255,"column":126}},"1255":{"start":{"line":1256,"column":0},"end":{"line":1256,"column":199}},"1256":{"start":{"line":1257,"column":0},"end":{"line":1257,"column":34}},"1257":{"start":{"line":1258,"column":0},"end":{"line":1258,"column":100}},"1258":{"start":{"line":1259,"column":0},"end":{"line":1259,"column":30}},"1259":{"start":{"line":1260,"column":0},"end":{"line":1260,"column":26}},"1263":{"start":{"line":1264,"column":0},"end":{"line":1264,"column":77}},"1264":{"start":{"line":1265,"column":0},"end":{"line":1265,"column":56}},"1265":{"start":{"line":1266,"column":0},"end":{"line":1266,"column":150}},"1266":{"start":{"line":1267,"column":0},"end":{"line":1267,"column":56}},"1267":{"start":{"line":1268,"column":0},"end":{"line":1268,"column":155}},"1268":{"start":{"line":1269,"column":0},"end":{"line":1269,"column":157}},"1269":{"start":{"line":1270,"column":0},"end":{"line":1270,"column":157}},"1270":{"start":{"line":1271,"column":0},"end":{"line":1271,"column":34}},"1271":{"start":{"line":1272,"column":0},"end":{"line":1272,"column":30}},"1272":{"start":{"line":1273,"column":0},"end":{"line":1273,"column":26}},"1274":{"start":{"line":1275,"column":0},"end":{"line":1275,"column":18}},"1277":{"start":{"line":1278,"column":0},"end":{"line":1278,"column":135}},"1278":{"start":{"line":1279,"column":0},"end":{"line":1279,"column":54}},"1279":{"start":{"line":1280,"column":0},"end":{"line":1280,"column":29}},"1280":{"start":{"line":1281,"column":0},"end":{"line":1281,"column":38}},"1281":{"start":{"line":1282,"column":0},"end":{"line":1282,"column":37}},"1282":{"start":{"line":1283,"column":0},"end":{"line":1283,"column":66}},"1283":{"start":{"line":1284,"column":0},"end":{"line":1284,"column":49}},"1284":{"start":{"line":1285,"column":0},"end":{"line":1285,"column":60}},"1285":{"start":{"line":1286,"column":0},"end":{"line":1286,"column":32}},"1286":{"start":{"line":1287,"column":0},"end":{"line":1287,"column":145}},"1287":{"start":{"line":1288,"column":0},"end":{"line":1288,"column":160}},"1288":{"start":{"line":1289,"column":0},"end":{"line":1289,"column":22}},"1289":{"start":{"line":1290,"column":0},"end":{"line":1290,"column":34}},"1290":{"start":{"line":1291,"column":0},"end":{"line":1291,"column":31}},"1291":{"start":{"line":1292,"column":0},"end":{"line":1292,"column":52}},"1292":{"start":{"line":1293,"column":0},"end":{"line":1293,"column":168}},"1293":{"start":{"line":1294,"column":0},"end":{"line":1294,"column":51}},"1295":{"start":{"line":1296,"column":0},"end":{"line":1296,"column":93}},"1296":{"start":{"line":1297,"column":0},"end":{"line":1297,"column":82}},"1297":{"start":{"line":1298,"column":0},"end":{"line":1298,"column":34}},"1298":{"start":{"line":1299,"column":0},"end":{"line":1299,"column":33}},"1300":{"start":{"line":1301,"column":0},"end":{"line":1301,"column":31}},"1301":{"start":{"line":1302,"column":0},"end":{"line":1302,"column":57}},"1302":{"start":{"line":1303,"column":0},"end":{"line":1303,"column":52}},"1303":{"start":{"line":1304,"column":0},"end":{"line":1304,"column":98}},"1304":{"start":{"line":1305,"column":0},"end":{"line":1305,"column":48}},"1305":{"start":{"line":1306,"column":0},"end":{"line":1306,"column":123}},"1306":{"start":{"line":1307,"column":0},"end":{"line":1307,"column":129}},"1309":{"start":{"line":1310,"column":0},"end":{"line":1310,"column":107}},"1310":{"start":{"line":1311,"column":0},"end":{"line":1311,"column":138}},"1311":{"start":{"line":1312,"column":0},"end":{"line":1312,"column":34}},"1312":{"start":{"line":1313,"column":0},"end":{"line":1313,"column":33}},"1314":{"start":{"line":1315,"column":0},"end":{"line":1315,"column":22}},"1315":{"start":{"line":1316,"column":0},"end":{"line":1316,"column":70}},"1317":{"start":{"line":1318,"column":0},"end":{"line":1318,"column":20}},"1318":{"start":{"line":1319,"column":0},"end":{"line":1319,"column":18}},"1319":{"start":{"line":1320,"column":0},"end":{"line":1320,"column":14}},"1321":{"start":{"line":1322,"column":0},"end":{"line":1322,"column":1}},"1323":{"start":{"line":1324,"column":0},"end":{"line":1324,"column":22}}},"s":{"0":0,"1":0,"2":0,"3":0,"19":0,"20":0,"22":0,"23":0,"24":0,"25":0,"26":0,"28":0,"29":0,"30":0,"31":0,"32":0,"33":0,"35":0,"37":0,"39":0,"40":0,"41":0,"42":0,"43":0,"45":0,"46":0,"48":0,"51":0,"52":0,"53":0,"54":0,"55":0,"56":0,"57":0,"58":0,"59":0,"62":0,"65":0,"66":0,"68":0,"69":0,"70":0,"71":0,"72":0,"73":0,"74":0,"75":0,"76":0,"77":0,"78":0,"79":0,"80":0,"81":0,"82":0,"83":0,"84":0,"85":0,"86":0,"89":0,"90":0,"91":0,"92":0,"93":0,"94":0,"96":0,"98":0,"99":0,"100":0,"101":0,"102":0,"103
[...]
":{"line":361,"column":69}},"361":{"start":{"line":362,"column":0},"end":{"line":362,"column":62}},"362":{"start":{"line":363,"column":0},"end":{"line":363,"column":85}},"363":{"start":{"line":364,"column":0},"end":{"line":364,"column":77}},"365":{"start":{"line":366,"column":0},"end":{"line":366,"column":37}},"366":{"start":{"line":367,"column":0},"end":{"line":367,"column":65}},"367":{"start":{"line":368,"column":0},"end":{"line":368,"column":34}},"368":{"start":{"line":369,"column":0},"end":{"line":369,"column":34}},"369":{"start":{"line":370,"column":0},"end":{"line":370,"column":54}},"370":{"start":{"line":371,"column":0},"end":{"line":371,"column":39}},"371":{"start":{"line":372,"column":0},"end":{"line":372,"column":63}},"372":{"start":{"line":373,"column":0},"end":{"line":373,"column":32}},"373":{"start":{"line":374,"column":0},"end":{"line":374,"column":92}},"375":{"start":{"line":376,"column":0},"end":{"line":376,"column":38}},"376":{"start":{"line":377,"column":0},"end":{"line":377,"column":19}},"377":{"start":{"line":378,"column":0},"end":{"line":378,"column":13}},"378":{"start":{"line":379,"column":0},"end":{"line":379,"column":9}},"379":{"start":{"line":380,"column":0},"end":{"line":380,"column":5}},"380":{"start":{"line":381,"column":0},"end":{"line":381,"column":1}}},"s":{"31":1,"32":0,"33":0,"34":0,"40":0,"41":0,"42":0,"43":0,"44":0,"45":0,"46":0,"47":0,"48":0,"49":0,"50":0,"51":0,"52":0,"53":0,"54":0,"55":0,"56":0,"65":1,"66":0,"67":0,"70":0,"71":0,"72":0,"75":0,"76":0,"77":0,"80":0,"82":0,"83":0,"84":0,"87":0,"88":0,"89":0,"90":0,"91":0,"92":0,"93":0,"94":0,"95":0,"98":0,"101":0,"102":0,"103":0,"104":0,"105":0,"106":0,"107":0,"108":0,"109":0,"110":0,"111":0,"112":0,"113":0,"114":0,"115":0,"116":0,"117":0,"118":0,"119":0,"120":0,"121":0,"122":0,"123":0,"124":0,"125":0,"126":0,"127":0,"129":0,"130":0,"131":0,"133":0,"134":0,"135":0,"136":0,"137":0,"138":0,"139":0,"140":0,"141":0,"143":0,"144":0,"145":0,"146":0,"148":0,"149":0,"152":0,"153":0,"154":0,"155":0,"156":0,"157":0,"158":0,"159":0,"161":0,"162":0,"163":0,"166":0,"167":0,"168":0,"169":0,"170":0,"171":0,"172":0,"173":0,"174":0,"175":0,"176":0,"177":0,"179":0,"182":0,"183":0,"184":0,"187":0,"188":0,"189":0,"190":0,"191":0,"192":0,"193":0,"194":0,"195":0,"196":0,"198":0,"199":0,"200":0,"201":0,"202":0,"205":0,"206":0,"207":0,"208":0,"209":0,"210":0,"211":0,"212":0,"213":0,"214":0,"215":0,"216":0,"217":0,"218":0,"219":0,"220":0,"221":0,"222":0,"223":0,"224":0,"225":0,"226":0,"227":0,"228":0,"231":0,"232":0,"233":0,"234":0,"235":0,"236":0,"237":0,"238":0,"239":0,"240":0,"241":0,"242":0,"243":0,"244":0,"245":0,"246":0,"247":0,"248":0,"249":0,"250":0,"251":0,"252":0,"253":0,"254":0,"255":0,"256":0,"258":0,"259":0,"260":0,"261":0,"262":0,"265":0,"266":0,"267":0,"268":0,"269":0,"270":0,"271":0,"272":0,"273":0,"274":0,"275":0,"276":0,"278":0,"279":0,"280":0,"281":0,"284":0,"285":0,"286":0,"287":0,"288":0,"289":0,"290":0,"291":0,"292":0,"293":0,"294":0,"295":0,"296":0,"297":0,"298":0,"299":0,"300":0,"301":0,"302":0,"303":0,"304":0,"305":0,"306":0,"307":0,"308":0,"309":0,"310":0,"311":0,"312":0,"313":0,"314":0,"315":0,"316":0,"317":0,"318":0,"319":0,"320":0,"321":0,"322":0,"323":0,"324":0,"325":0,"326":0,"327":0,"328":0,"329":0,"330":0,"331":0,"332":0,"335":0,"336":0,"339":0,"340":0,"341":0,"342":0,"343":0,"344":0,"345":0,"346":0,"347":0,"348":0,"349":0,"350":0,"351":0,"352":0,"353":0,"354":0,"355":0,"356":0,"359":0,"360":0,"361":0,"362":0,"363":0,"365":0,"366":0,"367":0,"368":0,"369":0,"370":0,"371":0,"372":0,"373":0,"375":0,"376":0,"377":0,"378":0,"379":0,"380":0},"branchMap":{},"b":{},"fnMap":{"0":{"name":"isCFamilyFile","decl":{"start":{"line":32,"column":7},"end":{"line":35,"column":1}},"loc":{"start":{"line":32,"column":7},"end":{"line":35,"column":1}},"line":32},"1":{"name":"stripLineComments","decl":{"start":{"line":41,"column":0},"end":{"line":57,"column":1}},"loc":{"start":{"line":41,"column":0},"end":{"line":57,"column":1}},"line":41},"2":{"name":"lintCCode","decl":{"start":{"line":66,"column":7},"end":{"line":381,"column":1}},"loc":{"start":{"line":66,"column":7},"end":{"line":381,"column":1}},"line":66}},"f":{"0":0,"1":0,"2":0}}
,"D:\\Internship-NECTEC\\vibeKidbright\\src\\utils.ts": {"path":"D:\\Internship-NECTEC\\vibeKidbright\\src\\utils.ts","all":false,"statementMap":{"9":{"start":{"line":10,"column":0},"end":{"line":10,"column":66}},"10":{"start":{"line":11,"column":0},"end":{"line":11,"column":32}},"11":{"start":{"line":12,"column":0},"end":{"line":12,"column":17}},"12":{"start":{"line":13,"column":0},"end":{"line":13,"column":35}},"13":{"start":{"line":14,"column":0},"end":{"line":14,"column":46}},"14":{"start":{"line":15,"column":0},"end":{"line":15,"column":54}},"15":{"start":{"line":16,"column":0},"end":{"line":16,"column":75}},"16":{"start":{"line":17,"column":0},"end":{"line":17,"column":1}},"22":{"start":{"line":23,"column":0},"end":{"line":23,"column":59}},"23":{"start":{"line":24,"column":0},"end":{"line":24,"column":13}},"24":{"start":{"line":25,"column":0},"end":{"line":25,"column":11}},"25":{"start":{"line":26,"column":0},"end":{"line":26,"column":18}},"26":{"start":{"line":27,"column":0},"end":{"line":27,"column":33}},"27":{"start":{"line":28,"column":0},"end":{"line":28,"column":24}},"28":{"start":{"line":29,"column":0},"end":{"line":29,"column":27}},"29":{"start":{"line":30,"column":0},"end":{"line":30,"column":1}},"35":{"start":{"line":36,"column":0},"end":{"line":36,"column":56}},"36":{"start":{"line":37,"column":0},"end":{"line":37,"column":44}},"37":{"start":{"line":38,"column":0},"end":{"line":38,"column":45}},"38":{"start":{"line":39,"column":0},"end":{"line":39,"column":1}},"43":{"start":{"line":44,"column":0},"end":{"line":44,"column":51}},"44":{"start":{"line":45,"column":0},"end":{"line":45,"column":66}},"45":{"start":{"line":46,"column":0},"end":{"line":46,"column":1}},"50":{"start":{"line":51,"column":0},"end":{"line":51,"column":48}},"51":{"start":{"line":52,"column":0},"end":{"line":52,"column":48}},"52":{"start":{"line":53,"column":0},"end":{"line":53,"column":1}},"57":{"start":{"line":58,"column":0},"end":{"line":58,"column":67}},"58":{"start":{"line":59,"column":0},"end":{"line":59,"column":44}},"59":{"start":{"line":60,"column":0},"end":{"line":60,"column":44}},"60":{"start":{"line":61,"column":0},"end":{"line":61,"column":1}},"66":{"start":{"line":67,"column":0},"end":{"line":67,"column":63}},"67":{"start":{"line":68,"column":0},"end":{"line":68,"column":41}},"68":{"start":{"line":69,"column":0},"end":{"line":69,"column":59}},"69":{"start":{"line":70,"column":0},"end":{"line":70,"column":36}},"70":{"start":{"line":71,"column":0},"end":{"line":71,"column":31}},"71":{"start":{"line":72,"column":0},"end":{"line":72,"column":27}},"72":{"start":{"line":73,"column":0},"end":{"line":73,"column":1}},"77":{"start":{"line":78,"column":0},"end":{"line":78,"column":55}},"78":{"start":{"line":79,"column":0},"end":{"line":79,"column":41}},"79":{"start":{"line":80,"column":0},"end":{"line":80,"column":1}},"85":{"start":{"line":86,"column":0},"end":{"line":86,"column":52}},"86":{"start":{"line":87,"column":0},"end":{"line":87,"column":53}},"87":{"start":{"line":88,"column":0},"end":{"line":88,"column":45}},"88":{"start":{"line":89,"column":0},"end":{"line":89,"column":48}},"89":{"start":{"line":90,"column":0},"end":{"line":90,"column":36}},"90":{"start":{"line":91,"column":0},"end":{"line":91,"column":42}},"91":{"start":{"line":92,"column":0},"end":{"line":92,"column":35}},"92":{"start":{"line":93,"column":0},"end":{"line":93,"column":1}},"98":{"start":{"line":99,"column":0},"end":{"line":99,"column":110}},"99":{"start":{"line":100,"column":0},"end":{"line":100,"column":67}},"100":{"start":{"line":101,"column":0},"end":{"line":101,"column":26}},"101":{"start":{"line":102,"column":0},"end":{"line":102,"column":10}},"102":{"start":{"line":103,"column":0},"end":{"line":103,"column":34}},"103":{"start":{"line":104,"column":0},"end":{"line":104,"column":34}},"104":{"start":{"line":105,"column":0},"end":{"line":105,"column":34}},"105":{"start":{"line":106,"column":0},"end":{"line":106,"column":4}},"106":{"start":{"line":107,"column":0},"end":{"line":107,"column":1}},"111":{"start":{"line":112,"column":0},"end":{"line":112,"column":36}},"112":{"start":{"line":113,"column":0},"end":{"line":113,"column":59}},"113":{"start":{"line":114,"column":0},"end":{"line":114,"column":19}},"114":{"start":{"line":115,"column":0},"end":{"line":115,"column":19}},"115":{"start":{"line":116,"column":0},"end":{"line":116,"column":14}},"116":{"start":{"line":117,"column":0},"end":{"line":117,"column":12}},"117":{"start":{"line":118,"column":0},"end":{"line":118,"column":66}},"118":{"start":{"line":119,"column":0},"end":{"line":119,"column":66}},"119":{"start":{"line":120,"column":0},"end":{"line":120,"column":35}},"120":{"start":{"line":121,"column":0},"end":{"line":121,"column":1}},"125":{"start":{"line":126,"column":0},"end":{"line":126,"column":61}},"126":{"start":{"line":127,"column":0},"end":{"line":127,"column":41}},"127":{"start":{"line":128,"column":0},"end":{"line":128,"column":39}},"128":{"start":{"line":129,"column":0},"end":{"line":129,"column":11}},"129":{"start":{"line":130,"column":0},"end":{"line":130,"column":11}},"130":{"start":{"line":131,"column":0},"end":{"line":131,"column":15}},"131":{"start":{"line":132,"column":0},"end":{"line":132,"column":15}},"132":{"start":{"line":133,"column":0},"end":{"line":133,"column":19}},"133":{"start":{"line":134,"column":0},"end":{"line":134,"column":17}},"134":{"start":{"line":135,"column":0},"end":{"line":135,"column":17}},"135":{"start":{"line":136,"column":0},"end":{"line":136,"column":16}},"136":{"start":{"line":137,"column":0},"end":{"line":137,"column":17}},"137":{"start":{"line":138,"column":0},"end":{"line":138,"column":17}},"138":{"start":{"line":139,"column":0},"end":{"line":139,"column":16}},"139":{"start":{"line":140,"column":0},"end":{"line":140,"column":19}},"140":{"start":{"line":141,"column":0},"end":{"line":141,"column":21}},"141":{"start":{"line":142,"column":0},"end":{"line":142,"column":4}},"142":{"start":{"line":143,"column":0},"end":{"line":143,"column":52}},"143":{"start":{"line":144,"column":0},"end":{"line":144,"column":71}},"144":{"start":{"line":145,"column":0},"end":{"line":145,"column":33}},"145":{"start":{"line":146,"column":0},"end":{"line":146,"column":1}}},"s":{"9":1,"10":6,"11":5,"12":5,"13":5,"14":5,"15":5,"16":5,"22":1,"23":8,"24":8,"25":8,"26":8,"27":8,"28":8,"29":8,"35":1,"36":31,"37":31,"38":31,"43":1,"44":4,"45":4,"50":1,"51":0,"52":0,"57":1,"58":3,"59":1,"60":1,"66":1,"67":10,"68":10,"69":5,"70":4,"71":3,"72":10,"77":1,"78":4,"79":4,"85":1,"86":5,"87":4,"88":4,"89":4,"90":5,"91":2,"92":2,"98":1,"99":5,"100":5,"101":3,"102":3,"103":3,"104":3,"105":3,"106":3,"111":1,"112":5,"113":5,"114":5,"115":5,"116":5,"117":5,"118":5,"119":3,"120":3,"125":1,"126":10,"127":10,"128":10,"129":10,"130":10,"131":10,"132":10,"133":10,"134":10,"135":10,"136":10,"137":10,"138":10,"139":10,"140":10,"141":10,"142":10,"143":10,"144":10,"145":10},"branchMap":{"0":{"type":"branch","line":10,"loc":{"start":{"line":10,"column":7},"end":{"line":17,"column":1}},"locations":[{"start":{"line":10,"column":7},"end":{"line":17,"column":1}}]},"1":{"type":"branch","line":11,"loc":{"start":{"line":11,"column":19},"end":{"line":11,"column":32}},"locations":[{"start":{"line":11,"column":19},"end":{"line":11,"column":32}}]},"2":{"type":"branch","line":11,"loc":{"start":{"line":11,"column":26},"end":{"line":17,"column":1}},"locations":[{"start":{"line":11,"column":26},"end":{"line":17,"column":1}}]},"3":{"type":"branch","line":23,"loc":{"start":{"line":23,"column":7},"end":{"line":30,"column":1}},"locations":[{"start":{"line":23,"column":7},"end":{"line":30,"column":1}}]},"4":{"type":"branch","line":36,"loc":{"start":{"line":36,"column":7},"end":{"line":39,"column":1}},"locations":[{"start":{"line":36,"column":7},"end":{"line":39,"column":1}}]},"5":{"type":"branch","line":38,"loc":{"start":{"line":38,"column":9},"end":{"line":38,"column":42}},"locations":[{"start":{"line":38,"column":9},"end":{"line":38,"column":42}}]},"6":{"type":"branch","line":38,"loc":{"start":{"line":38,"column":38},"end":{"line":38,"column":45}},"locations":[{"start":{"line":38,"column":38},"end":{"line":38,"column":45}}]},"7":{"type":"branch","line":44,"loc":{"start":{"line":44,"column":7},"end":{"line":46,"column":1}},"locations":[{"start":{"line":44,"column":7},"end":{"line":46,"column":1}}]},"8":{"type":"branch","line":45,"loc":{"start":{"line":45,"column":56},"end":{"line":45,"column":66}},"locations":[{"start":{"line":45,"column":56},"end":{"line":45,"column":66}}]},"9":{"type":"branch","line":58,"loc":{"start":{"line":58,"column":7},"end":{"line":61,"column":1}},"locations":[{"start":{"line":58,"column":7},"end":{"line":61,"column":1}}]},"10":{"type":"branch","line":59,"loc":{"start":{"line":59,"column":32},"end":{"line":59,"column":44}},"locations":[{"start":{"line":59,"column":32},"end":{"line":59,"column":44}}]},"11":{"type":"branch","line":59,"loc":{"start":{"line":59,"column":39},"end":{"line":61,"column":1}},"locations":[{"start":{"line":59,"column":39},"end":{"line":61,"column":1}}]},"12":{"type":"branch","line":67,"loc":{"start":{"line":67,"column":7},"end":{"line":73,"column":1}},"locations":[{"start":{"line":67,"column":7},"end":{"line":73,"column":1}}]},"13":{"type":"branch","line":69,"loc":{"start":{"line":69,"column":55},"end":{"line":70,"column":36}},"locations":[{"start":{"line":69,"column":55},"end":{"line":70,"column":36}}]},"14":{"type":"branch","line":70,"loc":{"start":{"line":70,"column":17},"end":{"line":71,"column":31}},"locations":[{"start":{"line":70,"column":17},"end":{"line":71,"column":31}}]},"15":{"type":"branch","line":71,"loc":{"start":{"line":71,"column":17},"end":{"line":72,"column":27}},"locations":[{"start":{"line":71,"column":17},"end":{"line":72,"column":27}}]},"16":{"type":"branch","line":78,"loc":{"start":{"line":78,"column":7},"end":{"line":80,"column":1}},"locations":[{"start":{"line":78,"column":7},"end":{"line":80,"column":1}}]},"17":{"type":"branch","line":86,"loc":{"start":{"line":86,"column":7},"end":{"line":93,"column":1}},"locations":[{"start":{"line":86,"column":7},"end":{"line":93,"column":1}}]},"18":{"type":"branch","line":87,"loc":{"start":{"line":87,"column":17},"end":{"line":87,"column":53}},"locations":[{"start":{"line":87,"column":17},"end":{"line":87,"column":53}}]},"19":{"type":"branch","line":87,"loc":{"start":{"line":87,"column":49},"end":{"line":91,"column":28}},"locations":[{"start":{"line":87,"column":49},"end":{"line":91,"column":28}}]},"20":{"type":"branch","line":91,"loc":{"start":{"line":91,"column":21},"end":{"line":93,"column":1}},"locations":[{"start":{"line":91,"column":21},"end":{"line":93,"column":1}}]},"21":{"type":"branch","line":99,"loc":{"start":{"line":99,"column":7},"end":{"line":107,"column":1}},"locations":[{"start":{"line":99,"column":7},"end":{"line":107,"column":1}}]},"22":{"type":"branch","line":101,"loc":{"start":{"line":101,"column":14},"end":{"line":101,"column":26}},"locations":[{"start":{"line":101,"column":14},"end":{"line":101,"column":26}}]},"23":{"type":"branch","line":101,"loc":{"start":{"line":101,"column":21},"end":{"line":107,"column":1}},"locations":[{"start":{"line":101,"column":21},"end":{"line":107,"column":1}}]},"24":{"type":"branch","line":112,"loc":{"start":{"line":112,"column":7},"end":{"line":121,"column":1}},"locations":[{"start":{"line":112,"column":7},"end":{"line":121,"column":1}}]},"25":{"type":"branch","line":118,"loc":{"start":{"line":118,"column":34},"end":{"line":118,"column":66}},"locations":[{"start":{"line":118,"column":34},"end":{"line":118,"column":66}}]},"26":{"type":"branch","line":119,"loc":{"start":{"line":119,"column":34},"end":{"line":119,"column":66}},"locations":[{"start":{"line":119,"column":34},"end":{"line":119,"column":66}}]},"27":{"type":"branch","line":119,"loc":{"start":{"line":119,"column":57},"end":{"line":121,"column":1}},"locations":[{"start":{"line":119,"column":57},"end":{"line":121,"column":1}}]},"28":{"type":"branch","line":126,"loc":{"start":{"line":126,"column":7},"end":{"line":146,"column":1}},"locations":[{"start":{"line":126,"column":7},"end":{"line":146,"column":1}}]},"29":{"type":"branch","line":143,"loc":{"start":{"line":143,"column":37},"end":{"line":143,"column":52}},"locations":[{"start":{"line":143,"column":37},"end":{"line":143,"column":52}}]},"30":{"type":"branch","line":143,"loc":{"start":{"line":143,"column":44},"end":{"line":144,"column":34}},"locations":[{"start":{"line":143,"column":44},"end":{"line":144,"column":34}}]},"31":{"type":"branch","line":144,"loc":{"start":{"line":144,"column":19},"end":{"line":144,"column":58}},"locations":[{"start":{"line":144,"column":19},"end":{"line":144,"column":58}}]},"32":{"type":"branch","line":144,"loc":{"start":{"line":144,"column":58},"end":{"line":144,"column":71}},"locations":[{"start":{"line":144,"column":58},"end":{"line":144,"column":71}}]},"33":{"type":"branch","line":144,"loc":{"start":{"line":144,"column":65},"end":{"line":145,"column":21}},"locations":[{"start":{"line":144,"column":65},"end":{"line":145,"column":21}}]},"34":{"type":"branch","line":145,"loc":{"start":{"line":145,"column":16},"end":{"line":145,"column":33}},"locations":[{"start":{"line":145,"column":16},"end":{"line":145,"column":33}}]}},"b":{"0":[6],"1":[1],"2":[5],"3":[8],"4":[31],"5":[24],"6":[7],"7":[4],"8":[0],"9":[3],"10":[2],"11":[1],"12":[10],"13":[5],"14":[4],"15":[3],"16":[4],"17":[5],"18":[1],"19":[4],"20":[2],"21":[5],"22":[2],"23":[3],"24":[5],"25":[0],"26":[2],"27":[3],"28":[10],"29":[1],"30":[9],"31":[8],"32":[2],"33":[7],"34":[2]},"fnMap":{"0":{"name":"formatBytes","decl":{"start":{"line":10,"column":7},"end":{"line":17,"column":1}},"loc":{"start":{"line":10,"column":7},"end":{"line":17,"column":1}},"line":10},"1":{"name":"sanitizeProjectName","decl":{"start":{"line":23,"column":7},"end":{"line":30,"column":1}},"loc":{"start":{"line":23,"column":7},"end":{"line":30,"column":1}},"line":23},"2":{"name":"getFileExtension","decl":{"start":{"line":36,"column":7},"end":{"line":39,"column":1}},"loc":{"start":{"line":36,"column":7},"end":{"line":39,"column":1}},"line":36},"3":{"name":"getBasename","decl":{"start":{"line":44,"column":7},"end":{"line":46,"column":1}},"loc":{"start":{"line":44,"column":7},"end":{"line":46,"column":1}},"line":44},"4":{"name":"normPath","decl":{"start":{"line":51,"column":7},"end":{"line":53,"column":1}},"loc":{"start":{"line":51,"column":7},"end":{"line":53,"column":1}},"line":51},"5":{"name":"truncate","decl":{"start":{"line":58,"column":7},"end":{"line":61,"column":1}},"loc":{"start":{"line":58,"column":7},"end":{"line":61,"column":1}},"line":58},"6":{"name":"isEspIdfSourceFile","decl":{"start":{"line":67,"column":7},"end":{"line":73,"column":1}},"loc":{"start":{"line":67,"column":7},"end":{"line":73,"column":1}},"line":67},"7":{"name":"isMarkdownFile","decl":{"start":{"line":78,"column":7},"end":{"line":80,"column":1}},"loc":{"start":{"line":78,"column":7},"end":{"line":80,"column":1}},"line":78},"8":{"name":"formatDuration","decl":{"start":{"line":86,"column":7},"end":{"line":93,"column":1}},"loc":{"start":{"line":86,"column":7},"end":{"line":93,"column":1}},"line":86},"9":{"name":"parseIdfVersion","decl":{"start":{"line":99,"column":7},"end":{"line":107,"column":1}},"loc":{"start":{"line":99,"column":7},"end":{"line":107,"column":1}},"line":99},"10":{"name":"isIdfVersionAtLeast","decl":{"start":{"line":112,"column":7},"end":{"line":121,"column":1}},"loc":{"start":{"line":112,"column":7},"end":{"line":121,"column":1}},"line":112},"11":{"name":"getMonacoLanguage","decl":{"start":{"line":126,"column":7},"end":{"line":146,"column":1}},"loc":{"start":{"line":126,"column":7},"end":{"line":146,"column":1}},"line":126}},"f":{"0":6,"1":8,"2":31,"3":4,"4":0,"5":3,"6":10,"7":4,"8":5,"9":5,"10":5,"11":10}}
}
